<?xml version="1.0" encoding="UTF-8"?>
<testsuite xmlns:xsi="http://www.w3.org/2001/XMLSchema-instance" xsi:noNamespaceSchemaLocation="https://maven.apache.org/surefire/maven-surefire-plugin/xsd/surefire-test-report-3.0.xsd" version="3.0" name="TestSuite" time="19.966" tests="1" errors="0" skipped="0" failures="0">
  <properties>
    <property name="sun.desktop" value="windows"/>
    <property name="awt.toolkit" value="sun.awt.windows.WToolkit"/>
    <property name="java.specification.version" value="11"/>
    <property name="webdriver.chrome.driver" value="C:\Users\A-6190\chromedriver_win32\chromedriver.exe"/>
    <property name="sun.cpu.isalist" value="amd64"/>
    <property name="sun.jnu.encoding" value="Cp1252"/>
    <property name="java.class.path" value="D:\D Drive Data_Backup\awsexplore\target\test-classes;D:\D Drive Data_Backup\awsexplore\target\classes;C:\Users\A-6190\.m2\repository\org\seleniumhq\selenium\selenium-java\4.0.0-beta-4\selenium-java-4.0.0-beta-4.jar;C:\Users\A-6190\.m2\repository\org\seleniumhq\selenium\selenium-api\4.0.0-beta-4\selenium-api-4.0.0-beta-4.jar;C:\Users\A-6190\.m2\repository\org\seleniumhq\selenium\selenium-chrome-driver\4.0.0-beta-4\selenium-chrome-driver-4.0.0-beta-4.jar;C:\Users\A-6190\.m2\repository\com\google\auto\service\auto-service-annotations\1.0\auto-service-annotations-1.0.jar;C:\Users\A-6190\.m2\repository\com\google\auto\service\auto-service\1.0\auto-service-1.0.jar;C:\Users\A-6190\.m2\repository\com\google\auto\auto-common\1.0\auto-common-1.0.jar;C:\Users\A-6190\.m2\repository\com\google\guava\guava\30.1.1-jre\guava-30.1.1-jre.jar;C:\Users\A-6190\.m2\repository\com\google\guava\failureaccess\1.0.1\failureaccess-1.0.1.jar;C:\Users\A-6190\.m2\repository\com\google\guava\listenablefuture\9999.0-empty-to-avoid-conflict-with-guava\listenablefuture-9999.0-empty-to-avoid-conflict-with-guava.jar;C:\Users\A-6190\.m2\repository\com\google\code\findbugs\jsr305\3.0.2\jsr305-3.0.2.jar;C:\Users\A-6190\.m2\repository\org\checkerframework\checker-qual\3.8.0\checker-qual-3.8.0.jar;C:\Users\A-6190\.m2\repository\com\google\errorprone\error_prone_annotations\2.5.1\error_prone_annotations-2.5.1.jar;C:\Users\A-6190\.m2\repository\com\google\j2objc\j2objc-annotations\1.3\j2objc-annotations-1.3.jar;C:\Users\A-6190\.m2\repository\org\seleniumhq\selenium\selenium-chromium-driver\4.0.0-beta-4\selenium-chromium-driver-4.0.0-beta-4.jar;C:\Users\A-6190\.m2\repository\org\seleniumhq\selenium\selenium-devtools\4.0.0-beta-4\selenium-devtools-4.0.0-beta-4.jar;C:\Users\A-6190\.m2\repository\org\seleniumhq\selenium\selenium-http\4.0.0-beta-4\selenium-http-4.0.0-beta-4.jar;C:\Users\A-6190\.m2\repository\org\seleniumhq\selenium\selenium-json\4.0.0-beta-4\selenium-json-4.0.0-beta-4.jar;C:\Users\A-6190\.m2\repository\org\seleniumhq\selenium\selenium-devtools-v85\4.0.0-beta-4\selenium-devtools-v85-4.0.0-beta-4.jar;C:\Users\A-6190\.m2\repository\org\seleniumhq\selenium\selenium-devtools-v88\4.0.0-beta-4\selenium-devtools-v88-4.0.0-beta-4.jar;C:\Users\A-6190\.m2\repository\org\seleniumhq\selenium\selenium-devtools-v89\4.0.0-beta-4\selenium-devtools-v89-4.0.0-beta-4.jar;C:\Users\A-6190\.m2\repository\org\seleniumhq\selenium\selenium-devtools-v90\4.0.0-beta-4\selenium-devtools-v90-4.0.0-beta-4.jar;C:\Users\A-6190\.m2\repository\org\seleniumhq\selenium\selenium-devtools-v91\4.0.0-beta-4\selenium-devtools-v91-4.0.0-beta-4.jar;C:\Users\A-6190\.m2\repository\org\seleniumhq\selenium\selenium-edge-driver\4.0.0-beta-4\selenium-edge-driver-4.0.0-beta-4.jar;C:\Users\A-6190\.m2\repository\org\seleniumhq\selenium\selenium-firefox-driver\4.0.0-beta-4\selenium-firefox-driver-4.0.0-beta-4.jar;C:\Users\A-6190\.m2\repository\org\seleniumhq\selenium\selenium-firefox-xpi-driver\4.0.0-beta-4\selenium-firefox-xpi-driver-4.0.0-beta-4.jar;C:\Users\A-6190\.m2\repository\org\seleniumhq\selenium\selenium-ie-driver\4.0.0-beta-4\selenium-ie-driver-4.0.0-beta-4.jar;C:\Users\A-6190\.m2\repository\org\seleniumhq\selenium\selenium-opera-driver\4.0.0-beta-4\selenium-opera-driver-4.0.0-beta-4.jar;C:\Users\A-6190\.m2\repository\org\seleniumhq\selenium\selenium-remote-driver\4.0.0-beta-4\selenium-remote-driver-4.0.0-beta-4.jar;C:\Users\A-6190\.m2\repository\io\netty\netty-buffer\4.1.63.Final\netty-buffer-4.1.63.Final.jar;C:\Users\A-6190\.m2\repository\io\netty\netty-codec-http\4.1.63.Final\netty-codec-http-4.1.63.Final.jar;C:\Users\A-6190\.m2\repository\io\netty\netty-codec\4.1.63.Final\netty-codec-4.1.63.Final.jar;C:\Users\A-6190\.m2\repository\io\netty\netty-common\4.1.63.Final\netty-common-4.1.63.Final.jar;C:\Users\A-6190\.m2\repository\io\netty\netty-transport-native-epoll\4.1.63.Final\netty-transport-native-epoll-4.1.63.Final.jar;C:\Users\A-6190\.m2\repository\io\netty\netty-transport-native-kqueue\4.1.63.Final\netty-transport-native-kqueue-4.1.63.Final.jar;C:\Users\A-6190\.m2\repository\io\netty\netty-transport-native-unix-common\4.1.63.Final\netty-transport-native-unix-common-4.1.63.Final.jar;C:\Users\A-6190\.m2\repository\io\netty\netty-transport\4.1.63.Final\netty-transport-4.1.63.Final.jar;C:\Users\A-6190\.m2\repository\io\netty\netty-resolver\4.1.63.Final\netty-resolver-4.1.63.Final.jar;C:\Users\A-6190\.m2\repository\io\opentelemetry\opentelemetry-api\1.2.0\opentelemetry-api-1.2.0.jar;C:\Users\A-6190\.m2\repository\io\opentelemetry\opentelemetry-context\1.2.0\opentelemetry-context-1.2.0.jar;C:\Users\A-6190\.m2\repository\io\opentelemetry\opentelemetry-exporter-logging\1.2.0\opentelemetry-exporter-logging-1.2.0.jar;C:\Users\A-6190\.m2\repository\io\opentelemetry\opentelemetry-sdk-metrics\1.2.0-alpha\opentelemetry-sdk-metrics-1.2.0-alpha.jar;C:\Users\A-6190\.m2\repository\io\opentelemetry\opentelemetry-sdk-common\1.2.0\opentelemetry-sdk-common-1.2.0.jar;C:\Users\A-6190\.m2\repository\io\opentelemetry\opentelemetry-sdk-extension-autoconfigure\1.2.0-alpha\opentelemetry-sdk-extension-autoconfigure-1.2.0-alpha.jar;C:\Users\A-6190\.m2\repository\io\opentelemetry\opentelemetry-sdk-trace\1.2.0\opentelemetry-sdk-trace-1.2.0.jar;C:\Users\A-6190\.m2\repository\io\opentelemetry\opentelemetry-api-metrics\1.2.0-alpha\opentelemetry-api-metrics-1.2.0-alpha.jar;C:\Users\A-6190\.m2\repository\io\opentelemetry\opentelemetry-sdk\1.2.0\opentelemetry-sdk-1.2.0.jar;C:\Users\A-6190\.m2\repository\io\opentelemetry\opentelemetry-semconv\1.2.0-alpha\opentelemetry-semconv-1.2.0-alpha.jar;C:\Users\A-6190\.m2\repository\io\ous\jtoml\2.0.0\jtoml-2.0.0.jar;C:\Users\A-6190\.m2\repository\net\bytebuddy\byte-buddy\1.11.0\byte-buddy-1.11.0.jar;C:\Users\A-6190\.m2\repository\org\apache\commons\commons-exec\1.3\commons-exec-1.3.jar;C:\Users\A-6190\.m2\repository\org\asynchttpclient\async-http-client\2.12.3\async-http-client-2.12.3.jar;C:\Users\A-6190\.m2\repository\org\asynchttpclient\async-http-client-netty-utils\2.12.3\async-http-client-netty-utils-2.12.3.jar;C:\Users\A-6190\.m2\repository\io\netty\netty-codec-socks\4.1.60.Final\netty-codec-socks-4.1.60.Final.jar;C:\Users\A-6190\.m2\repository\io\netty\netty-handler-proxy\4.1.60.Final\netty-handler-proxy-4.1.60.Final.jar;C:\Users\A-6190\.m2\repository\io\netty\netty-transport-native-epoll\4.1.60.Final\netty-transport-native-epoll-4.1.60.Final-linux-x86_64.jar;C:\Users\A-6190\.m2\repository\io\netty\netty-transport-native-kqueue\4.1.60.Final\netty-transport-native-kqueue-4.1.60.Final-osx-x86_64.jar;C:\Users\A-6190\.m2\repository\org\reactivestreams\reactive-streams\1.0.3\reactive-streams-1.0.3.jar;C:\Users\A-6190\.m2\repository\com\typesafe\netty\netty-reactive-streams\2.0.4\netty-reactive-streams-2.0.4.jar;C:\Users\A-6190\.m2\repository\org\slf4j\slf4j-api\1.7.30\slf4j-api-1.7.30.jar;C:\Users\A-6190\.m2\repository\com\sun\activation\jakarta.activation\1.2.2\jakarta.activation-1.2.2.jar;C:\Users\A-6190\.m2\repository\org\seleniumhq\selenium\selenium-safari-driver\4.0.0-beta-4\selenium-safari-driver-4.0.0-beta-4.jar;C:\Users\A-6190\.m2\repository\org\seleniumhq\selenium\selenium-support\4.0.0-beta-4\selenium-support-4.0.0-beta-4.jar;C:\Users\A-6190\.m2\repository\org\testng\testng\7.4.0\testng-7.4.0.jar;C:\Users\A-6190\.m2\repository\com\beust\jcommander\1.78\jcommander-1.78.jar;C:\Users\A-6190\.m2\repository\org\webjars\jquery\3.5.1\jquery-3.5.1.jar;C:\Users\A-6190\.m2\repository\com\amazonaws\aws-java-sdk-s3\1.12.46\aws-java-sdk-s3-1.12.46.jar;C:\Users\A-6190\.m2\repository\com\amazonaws\aws-java-sdk-kms\1.12.46\aws-java-sdk-kms-1.12.46.jar;C:\Users\A-6190\.m2\repository\com\amazonaws\aws-java-sdk-core\1.12.46\aws-java-sdk-core-1.12.46.jar;C:\Users\A-6190\.m2\repository\commons-logging\commons-logging\1.1.3\commons-logging-1.1.3.jar;C:\Users\A-6190\.m2\repository\commons-codec\commons-codec\1.15\commons-codec-1.15.jar;C:\Users\A-6190\.m2\repository\org\apache\httpcomponents\httpclient\4.5.13\httpclient-4.5.13.jar;C:\Users\A-6190\.m2\repository\org\apache\httpcomponents\httpcore\4.4.13\httpcore-4.4.13.jar;C:\Users\A-6190\.m2\repository\software\amazon\ion\ion-java\1.0.2\ion-java-1.0.2.jar;C:\Users\A-6190\.m2\repository\com\fasterxml\jackson\core\jackson-databind\2.12.3\jackson-databind-2.12.3.jar;C:\Users\A-6190\.m2\repository\com\fasterxml\jackson\core\jackson-annotations\2.12.3\jackson-annotations-2.12.3.jar;C:\Users\A-6190\.m2\repository\com\fasterxml\jackson\core\jackson-core\2.12.3\jackson-core-2.12.3.jar;C:\Users\A-6190\.m2\repository\com\fasterxml\jackson\dataformat\jackson-dataformat-cbor\2.12.3\jackson-dataformat-cbor-2.12.3.jar;C:\Users\A-6190\.m2\repository\joda-time\joda-time\2.8.1\joda-time-2.8.1.jar;C:\Users\A-6190\.m2\repository\com\amazonaws\jmespath-java\1.12.46\jmespath-java-1.12.46.jar;C:\Users\A-6190\.m2\repository\com\amazonaws\aws-java-sdk\1.12.46\aws-java-sdk-1.12.46.jar;C:\Users\A-6190\.m2\repository\com\amazonaws\aws-java-sdk-snowdevicemanagement\1.12.46\aws-java-sdk-snowdevicemanagement-1.12.46.jar;C:\Users\A-6190\.m2\repository\com\amazonaws\aws-java-sdk-chimesdkidentity\1.12.46\aws-java-sdk-chimesdkidentity-1.12.46.jar;C:\Users\A-6190\.m2\repository\com\amazonaws\aws-java-sdk-chimesdkmessaging\1.12.46\aws-java-sdk-chimesdkmessaging-1.12.46.jar;C:\Users\A-6190\.m2\repository\com\amazonaws\aws-java-sdk-route53recoverycluster\1.12.46\aws-java-sdk-route53recoverycluster-1.12.46.jar;C:\Users\A-6190\.m2\repository\com\amazonaws\aws-java-sdk-route53recoverycontrolconfig\1.12.46\aws-java-sdk-route53recoverycontrolconfig-1.12.46.jar;C:\Users\A-6190\.m2\repository\com\amazonaws\aws-java-sdk-route53recoveryreadiness\1.12.46\aws-java-sdk-route53recoveryreadiness-1.12.46.jar;C:\Users\A-6190\.m2\repository\com\amazonaws\aws-java-sdk-proton\1.12.46\aws-java-sdk-proton-1.12.46.jar;C:\Users\A-6190\.m2\repository\com\amazonaws\aws-java-sdk-apprunner\1.12.46\aws-java-sdk-apprunner-1.12.46.jar;C:\Users\A-6190\.m2\repository\com\amazonaws\aws-java-sdk-applicationcostprofiler\1.12.46\aws-java-sdk-applicationcostprofiler-1.12.46.jar;C:\Users\A-6190\.m2\repository\com\amazonaws\aws-java-sdk-ssmcontacts\1.12.46\aws-java-sdk-ssmcontacts-1.12.46.jar;C:\Users\A-6190\.m2\repository\com\amazonaws\aws-java-sdk-ssmincidents\1.12.46\aws-java-sdk-ssmincidents-1.12.46.jar;C:\Users\A-6190\.m2\repository\com\amazonaws\aws-java-sdk-finspacedata\1.12.46\aws-java-sdk-finspacedata-1.12.46.jar;C:\Users\A-6190\.m2\repository\com\amazonaws\aws-java-sdk-finspace\1.12.46\aws-java-sdk-finspace-1.12.46.jar;C:\Users\A-6190\.m2\repository\com\amazonaws\aws-java-sdk-nimblestudio\1.12.46\aws-java-sdk-nimblestudio-1.12.46.jar;C:\Users\A-6190\.m2\repository\com\amazonaws\aws-java-sdk-lookoutequipment\1.12.46\aws-java-sdk-lookoutequipment-1.12.46.jar;C:\Users\A-6190\.m2\repository\com\amazonaws\aws-java-sdk-mgn\1.12.46\aws-java-sdk-mgn-1.12.46.jar;C:\Users\A-6190\.m2\repository\com\amazonaws\aws-java-sdk-lookoutmetrics\1.12.46\aws-java-sdk-lookoutmetrics-1.12.46.jar;C:\Users\A-6190\.m2\repository\com\amazonaws\aws-java-sdk-fis\1.12.46\aws-java-sdk-fis-1.12.46.jar;C:\Users\A-6190\.m2\repository\com\amazonaws\aws-java-sdk-lexmodelsv2\1.12.46\aws-java-sdk-lexmodelsv2-1.12.46.jar;C:\Users\A-6190\.m2\repository\com\amazonaws\aws-java-sdk-lexruntimev2\1.12.46\aws-java-sdk-lexruntimev2-1.12.46.jar;C:\Users\A-6190\.m2\repository\com\amazonaws\aws-java-sdk-wellarchitected\1.12.46\aws-java-sdk-wellarchitected-1.12.46.jar;C:\Users\A-6190\.m2\repository\com\amazonaws\aws-java-sdk-location\1.12.46\aws-java-sdk-location-1.12.46.jar;C:\Users\A-6190\.m2\repository\com\amazonaws\aws-java-sdk-iotdeviceadvisor\1.12.46\aws-java-sdk-iotdeviceadvisor-1.12.46.jar;C:\Users\A-6190\.m2\repository\com\amazonaws\aws-java-sdk-iotfleethub\1.12.46\aws-java-sdk-iotfleethub-1.12.46.jar;C:\Users\A-6190\.m2\repository\com\amazonaws\aws-java-sdk-iotwireless\1.12.46\aws-java-sdk-iotwireless-1.12.46.jar;C:\Users\A-6190\.m2\repository\com\amazonaws\aws-java-sdk-greengrassv2\1.12.46\aws-java-sdk-greengrassv2-1.12.46.jar;C:\Users\A-6190\.m2\repository\com\amazonaws\aws-java-sdk-prometheus\1.12.46\aws-java-sdk-prometheus-1.12.46.jar;C:\Users\A-6190\.m2\repository\com\amazonaws\aws-java-sdk-auditmanager\1.12.46\aws-java-sdk-auditmanager-1.12.46.jar;C:\Users\A-6190\.m2\repository\com\amazonaws\aws-java-sdk-healthlake\1.12.46\aws-java-sdk-healthlake-1.12.46.jar;C:\Users\A-6190\.m2\repository\com\amazonaws\aws-java-sdk-sagemakeredgemanager\1.12.46\aws-java-sdk-sagemakeredgemanager-1.12.46.jar;C:\Users\A-6190\.m2\repository\com\amazonaws\aws-java-sdk-emrcontainers\1.12.46\aws-java-sdk-emrcontainers-1.12.46.jar;C:\Users\A-6190\.m2\repository\com\amazonaws\aws-java-sdk-customerprofiles\1.12.46\aws-java-sdk-customerprofiles-1.12.46.jar;C:\Users\A-6190\.m2\repository\com\amazonaws\aws-java-sdk-lookoutforvision\1.12.46\aws-java-sdk-lookoutforvision-1.12.46.jar;C:\Users\A-6190\.m2\repository\com\amazonaws\aws-java-sdk-connectcontactlens\1.12.46\aws-java-sdk-connectcontactlens-1.12.46.jar;C:\Users\A-6190\.m2\repository\com\amazonaws\aws-java-sdk-amplifybackend\1.12.46\aws-java-sdk-amplifybackend-1.12.46.jar;C:\Users\A-6190\.m2\repository\com\amazonaws\aws-java-sdk-ecrpublic\1.12.46\aws-java-sdk-ecrpublic-1.12.46.jar;C:\Users\A-6190\.m2\repository\com\amazonaws\aws-java-sdk-appintegrations\1.12.46\aws-java-sdk-appintegrations-1.12.46.jar;C:\Users\A-6190\.m2\repository\com\amazonaws\aws-java-sdk-sagemakerfeaturestoreruntime\1.12.46\aws-java-sdk-sagemakerfeaturestoreruntime-1.12.46.jar;C:\Users\A-6190\.m2\repository\com\amazonaws\aws-java-sdk-devopsguru\1.12.46\aws-java-sdk-devopsguru-1.12.46.jar;C:\Users\A-6190\.m2\repository\com\amazonaws\aws-java-sdk-mwaa\1.12.46\aws-java-sdk-mwaa-1.12.46.jar;C:\Users\A-6190\.m2\repository\com\amazonaws\aws-java-sdk-networkfirewall\1.12.46\aws-java-sdk-networkfirewall-1.12.46.jar;C:\Users\A-6190\.m2\repository\com\amazonaws\aws-java-sdk-appregistry\1.12.46\aws-java-sdk-appregistry-1.12.46.jar;C:\Users\A-6190\.m2\repository\com\amazonaws\aws-java-sdk-gluedatabrew\1.12.46\aws-java-sdk-gluedatabrew-1.12.46.jar;C:\Users\A-6190\.m2\repository\com\amazonaws\aws-java-sdk-s3outposts\1.12.46\aws-java-sdk-s3outposts-1.12.46.jar;C:\Users\A-6190\.m2\repository\com\amazonaws\aws-java-sdk-timestreamquery\1.12.46\aws-java-sdk-timestreamquery-1.12.46.jar;C:\Users\A-6190\.m2\repository\com\amazonaws\aws-java-sdk-timestreamwrite\1.12.46\aws-java-sdk-timestreamwrite-1.12.46.jar;C:\Users\A-6190\.m2\repository\com\amazonaws\aws-java-sdk-ssoadmin\1.12.46\aws-java-sdk-ssoadmin-1.12.46.jar;C:\Users\A-6190\.m2\repository\com\amazonaws\aws-java-sdk-redshiftdataapi\1.12.46\aws-java-sdk-redshiftdataapi-1.12.46.jar;C:\Users\A-6190\.m2\repository\com\amazonaws\aws-java-sdk-appflow\1.12.46\aws-java-sdk-appflow-1.12.46.jar;C:\Users\A-6190\.m2\repository\com\amazonaws\aws-java-sdk-identitystore\1.12.46\aws-java-sdk-identitystore-1.12.46.jar;C:\Users\A-6190\.m2\repository\com\amazonaws\aws-java-sdk-braket\1.12.46\aws-java-sdk-braket-1.12.46.jar;C:\Users\A-6190\.m2\repository\com\amazonaws\aws-java-sdk-ivs\1.12.46\aws-java-sdk-ivs-1.12.46.jar;C:\Users\A-6190\.m2\repository\com\amazonaws\aws-java-sdk-honeycode\1.12.46\aws-java-sdk-honeycode-1.12.46.jar;C:\Users\A-6190\.m2\repository\com\amazonaws\aws-java-sdk-codeartifact\1.12.46\aws-java-sdk-codeartifact-1.12.46.jar;C:\Users\A-6190\.m2\repository\com\amazonaws\aws-java-sdk-macie2\1.12.46\aws-java-sdk-macie2-1.12.46.jar;C:\Users\A-6190\.m2\repository\com\amazonaws\aws-java-sdk-iotsitewise\1.12.46\aws-java-sdk-iotsitewise-1.12.46.jar;C:\Users\A-6190\.m2\repository\com\amazonaws\aws-java-sdk-synthetics\1.12.46\aws-java-sdk-synthetics-1.12.46.jar;C:\Users\A-6190\.m2\repository\com\amazonaws\aws-java-sdk-codestarconnections\1.12.46\aws-java-sdk-codestarconnections-1.12.46.jar;C:\Users\A-6190\.m2\repository\com\amazonaws\aws-java-sdk-detective\1.12.46\aws-java-sdk-detective-1.12.46.jar;C:\Users\A-6190\.m2\repository\com\amazonaws\aws-java-sdk-kinesisvideosignalingchannels\1.12.46\aws-java-sdk-kinesisvideosignalingchannels-1.12.46.jar;C:\Users\A-6190\.m2\repository\com\amazonaws\aws-java-sdk-ebs\1.12.46\aws-java-sdk-ebs-1.12.46.jar;C:\Users\A-6190\.m2\repository\com\amazonaws\aws-java-sdk-augmentedairuntime\1.12.46\aws-java-sdk-augmentedairuntime-1.12.46.jar;C:\Users\A-6190\.m2\repository\com\amazonaws\aws-java-sdk-outposts\1.12.46\aws-java-sdk-outposts-1.12.46.jar;C:\Users\A-6190\.m2\repository\com\amazonaws\aws-java-sdk-codeguruprofiler\1.12.46\aws-java-sdk-codeguruprofiler-1.12.46.jar;C:\Users\A-6190\.m2\repository\com\amazonaws\aws-java-sdk-codegurureviewer\1.12.46\aws-java-sdk-codegurureviewer-1.12.46.jar;C:\Users\A-6190\.m2\repository\com\amazonaws\aws-java-sdk-frauddetector\1.12.46\aws-java-sdk-frauddetector-1.12.46.jar;C:\Users\A-6190\.m2\repository\com\amazonaws\aws-java-sdk-kendra\1.12.46\aws-java-sdk-kendra-1.12.46.jar;C:\Users\A-6190\.m2\repository\com\amazonaws\aws-java-sdk-networkmanager\1.12.46\aws-java-sdk-networkmanager-1.12.46.jar;C:\Users\A-6190\.m2\repository\com\amazonaws\aws-java-sdk-computeoptimizer\1.12.46\aws-java-sdk-computeoptimizer-1.12.46.jar;C:\Users\A-6190\.m2\repository\com\amazonaws\aws-java-sdk-accessanalyzer\1.12.46\aws-java-sdk-accessanalyzer-1.12.46.jar;C:\Users\A-6190\.m2\repository\com\amazonaws\aws-java-sdk-schemas\1.12.46\aws-java-sdk-schemas-1.12.46.jar;C:\Users\A-6190\.m2\repository\com\amazonaws\aws-java-sdk-imagebuilder\1.12.46\aws-java-sdk-imagebuilder-1.12.46.jar;C:\Users\A-6190\.m2\repository\com\amazonaws\aws-java-sdk-elasticinference\1.12.46\aws-java-sdk-elasticinference-1.12.46.jar;C:\Users\A-6190\.m2\repository\com\amazonaws\aws-java-sdk-iotsecuretunneling\1.12.46\aws-java-sdk-iotsecuretunneling-1.12.46.jar;C:\Users\A-6190\.m2\repository\com\amazonaws\aws-java-sdk-appconfig\1.12.46\aws-java-sdk-appconfig-1.12.46.jar;C:\Users\A-6190\.m2\repository\com\amazonaws\aws-java-sdk-wafv2\1.12.46\aws-java-sdk-wafv2-1.12.46.jar;C:\Users\A-6190\.m2\repository\com\amazonaws\aws-java-sdk-connectparticipant\1.12.46\aws-java-sdk-connectparticipant-1.12.46.jar;C:\Users\A-6190\.m2\repository\com\amazonaws\aws-java-sdk-migrationhubconfig\1.12.46\aws-java-sdk-migrationhubconfig-1.12.46.jar;C:\Users\A-6190\.m2\repository\com\amazonaws\aws-java-sdk-dataexchange\1.12.46\aws-java-sdk-dataexchange-1.12.46.jar;C:\Users\A-6190\.m2\repository\com\amazonaws\aws-java-sdk-sesv2\1.12.46\aws-java-sdk-sesv2-1.12.46.jar;C:\Users\A-6190\.m2\repository\com\amazonaws\aws-java-sdk-marketplacecatalog\1.12.46\aws-java-sdk-marketplacecatalog-1.12.46.jar;C:\Users\A-6190\.m2\repository\com\amazonaws\aws-java-sdk-ssooidc\1.12.46\aws-java-sdk-ssooidc-1.12.46.jar;C:\Users\A-6190\.m2\repository\com\amazonaws\aws-java-sdk-sso\1.12.46\aws-java-sdk-sso-1.12.46.jar;C:\Users\A-6190\.m2\repository\com\amazonaws\aws-java-sdk-savingsplans\1.12.46\aws-java-sdk-savingsplans-1.12.46.jar;C:\Users\A-6190\.m2\repository\com\amazonaws\aws-java-sdk-codestarnotifications\1.12.46\aws-java-sdk-codestarnotifications-1.12.46.jar;C:\Users\A-6190\.m2\repository\com\amazonaws\aws-java-sdk-workmailmessageflow\1.12.46\aws-java-sdk-workmailmessageflow-1.12.46.jar;C:\Users\A-6190\.m2\repository\com\amazonaws\aws-java-sdk-qldbsession\1.12.46\aws-java-sdk-qldbsession-1.12.46.jar;C:\Users\A-6190\.m2\repository\com\amazonaws\aws-java-sdk-qldb\1.12.46\aws-java-sdk-qldb-1.12.46.jar;C:\Users\A-6190\.m2\repository\com\amazonaws\aws-java-sdk-forecastquery\1.12.46\aws-java-sdk-forecastquery-1.12.46.jar;C:\Users\A-6190\.m2\repository\com\amazonaws\aws-java-sdk-forecast\1.12.46\aws-java-sdk-forecast-1.12.46.jar;C:\Users\A-6190\.m2\repository\com\amazonaws\aws-java-sdk-lakeformation\1.12.46\aws-java-sdk-lakeformation-1.12.46.jar;C:\Users\A-6190\.m2\repository\com\amazonaws\aws-java-sdk-eventbridge\1.12.46\aws-java-sdk-eventbridge-1.12.46.jar;C:\Users\A-6190\.m2\repository\com\amazonaws\aws-java-sdk-ec2instanceconnect\1.12.46\aws-java-sdk-ec2instanceconnect-1.12.46.jar;C:\Users\A-6190\.m2\repository\com\amazonaws\aws-java-sdk-applicationinsights\1.12.46\aws-java-sdk-applicationinsights-1.12.46.jar;C:\Users\A-6190\.m2\repository\com\amazonaws\aws-java-sdk-servicequotas\1.12.46\aws-java-sdk-servicequotas-1.12.46.jar;C:\Users\A-6190\.m2\repository\com\amazonaws\aws-java-sdk-personalizeevents\1.12.46\aws-java-sdk-personalizeevents-1.12.46.jar;C:\Users\A-6190\.m2\repository\com\amazonaws\aws-java-sdk-personalize\1.12.46\aws-java-sdk-personalize-1.12.46.jar;C:\Users\A-6190\.m2\repository\com\amazonaws\aws-java-sdk-personalizeruntime\1.12.46\aws-java-sdk-personalizeruntime-1.12.46.jar;C:\Users\A-6190\.m2\repository\com\amazonaws\aws-java-sdk-ioteventsdata\1.12.46\aws-java-sdk-ioteventsdata-1.12.46.jar;C:\Users\A-6190\.m2\repository\com\amazonaws\aws-java-sdk-iotevents\1.12.46\aws-java-sdk-iotevents-1.12.46.jar;C:\Users\A-6190\.m2\repository\com\amazonaws\aws-java-sdk-iotthingsgraph\1.12.46\aws-java-sdk-iotthingsgraph-1.12.46.jar;C:\Users\A-6190\.m2\repository\com\amazonaws\aws-java-sdk-groundstation\1.12.46\aws-java-sdk-groundstation-1.12.46.jar;C:\Users\A-6190\.m2\repository\com\amazonaws\aws-java-sdk-mediapackagevod\1.12.46\aws-java-sdk-mediapackagevod-1.12.46.jar;C:\Users\A-6190\.m2\repository\com\amazonaws\aws-java-sdk-managedblockchain\1.12.46\aws-java-sdk-managedblockchain-1.12.46.jar;C:\Users\A-6190\.m2\repository\com\amazonaws\aws-java-sdk-textract\1.12.46\aws-java-sdk-textract-1.12.46.jar;C:\Users\A-6190\.m2\repository\com\amazonaws\aws-java-sdk-worklink\1.12.46\aws-java-sdk-worklink-1.12.46.jar;C:\Users\A-6190\.m2\repository\com\amazonaws\aws-java-sdk-backup\1.12.46\aws-java-sdk-backup-1.12.46.jar;C:\Users\A-6190\.m2\repository\com\amazonaws\aws-java-sdk-docdb\1.12.46\aws-java-sdk-docdb-1.12.46.jar;C:\Users\A-6190\.m2\repository\com\amazonaws\aws-java-sdk-apigatewayv2\1.12.46\aws-java-sdk-apigatewayv2-1.12.46.jar;C:\Users\A-6190\.m2\repository\com\amazonaws\aws-java-sdk-apigatewaymanagementapi\1.12.46\aws-java-sdk-apigatewaymanagementapi-1.12.46.jar;C:\Users\A-6190\.m2\repository\com\amazonaws\aws-java-sdk-kafka\1.12.46\aws-java-sdk-kafka-1.12.46.jar;C:\Users\A-6190\.m2\repository\com\amazonaws\aws-java-sdk-appmesh\1.12.46\aws-java-sdk-appmesh-1.12.46.jar;C:\Users\A-6190\.m2\repository\com\amazonaws\aws-java-sdk-licensemanager\1.12.46\aws-java-sdk-licensemanager-1.12.46.jar;C:\Users\A-6190\.m2\repository\com\amazonaws\aws-java-sdk-securityhub\1.12.46\aws-java-sdk-securityhub-1.12.46.jar;C:\Users\A-6190\.m2\repository\com\amazonaws\aws-java-sdk-fsx\1.12.46\aws-java-sdk-fsx-1.12.46.jar;C:\Users\A-6190\.m2\repository\com\amazonaws\aws-java-sdk-mediaconnect\1.12.46\aws-java-sdk-mediaconnect-1.12.46.jar;C:\Users\A-6190\.m2\repository\com\amazonaws\aws-java-sdk-kinesisanalyticsv2\1.12.46\aws-java-sdk-kinesisanalyticsv2-1.12.46.jar;C:\Users\A-6190\.m2\repository\com\amazonaws\aws-java-sdk-comprehendmedical\1.12.46\aws-java-sdk-comprehendmedical-1.12.46.jar;C:\Users\A-6190\.m2\repository\com\amazonaws\aws-java-sdk-globalaccelerator\1.12.46\aws-java-sdk-globalaccelerator-1.12.46.jar;C:\Users\A-6190\.m2\repository\com\amazonaws\aws-java-sdk-transfer\1.12.46\aws-java-sdk-transfer-1.12.46.jar;C:\Users\A-6190\.m2\repository\com\amazonaws\aws-java-sdk-datasync\1.12.46\aws-java-sdk-datasync-1.12.46.jar;C:\Users\A-6190\.m2\repository\com\amazonaws\aws-java-sdk-robomaker\1.12.46\aws-java-sdk-robomaker-1.12.46.jar;C:\Users\A-6190\.m2\repository\com\amazonaws\aws-java-sdk-amplify\1.12.46\aws-java-sdk-amplify-1.12.46.jar;C:\Users\A-6190\.m2\repository\com\amazonaws\aws-java-sdk-quicksight\1.12.46\aws-java-sdk-quicksight-1.12.46.jar;C:\Users\A-6190\.m2\repository\com\amazonaws\aws-java-sdk-rdsdata\1.12.46\aws-java-sdk-rdsdata-1.12.46.jar;C:\Users\A-6190\.m2\repository\com\amazonaws\aws-java-sdk-route53resolver\1.12.46\aws-java-sdk-route53resolver-1.12.46.jar;C:\Users\A-6190\.m2\repository\com\amazonaws\aws-java-sdk-ram\1.12.46\aws-java-sdk-ram-1.12.46.jar;C:\Users\A-6190\.m2\repository\com\amazonaws\aws-java-sdk-s3control\1.12.46\aws-java-sdk-s3control-1.12.46.jar;C:\Users\A-6190\.m2\repository\com\amazonaws\aws-java-sdk-pinpointsmsvoice\1.12.46\aws-java-sdk-pinpointsmsvoice-1.12.46.jar;C:\Users\A-6190\.m2\repository\com\amazonaws\aws-java-sdk-pinpointemail\1.12.46\aws-java-sdk-pinpointemail-1.12.46.jar;C:\Users\A-6190\.m2\repository\com\amazonaws\aws-java-sdk-chime\1.12.46\aws-java-sdk-chime-1.12.46.jar;C:\Users\A-6190\.m2\repository\com\amazonaws\aws-java-sdk-signer\1.12.46\aws-java-sdk-signer-1.12.46.jar;C:\Users\A-6190\.m2\repository\com\amazonaws\aws-java-sdk-dlm\1.12.46\aws-java-sdk-dlm-1.12.46.jar;C:\Users\A-6190\.m2\repository\com\amazonaws\aws-java-sdk-macie\1.12.46\aws-java-sdk-macie-1.12.46.jar;C:\Users\A-6190\.m2\repository\com\amazonaws\aws-java-sdk-eks\1.12.46\aws-java-sdk-eks-1.12.46.jar;C:\Users\A-6190\.m2\repository\com\amazonaws\aws-java-sdk-mediatailor\1.12.46\aws-java-sdk-mediatailor-1.12.46.jar;C:\Users\A-6190\.m2\repository\com\amazonaws\aws-java-sdk-neptune\1.12.46\aws-java-sdk-neptune-1.12.46.jar;C:\Users\A-6190\.m2\repository\com\amazonaws\aws-java-sdk-pi\1.12.46\aws-java-sdk-pi-1.12.46.jar;C:\Users\A-6190\.m2\repository\com\amazonaws\aws-java-sdk-iot1clickprojects\1.12.46\aws-java-sdk-iot1clickprojects-1.12.46.jar;C:\Users\A-6190\.m2\repository\com\amazonaws\aws-java-sdk-iot1clickdevices\1.12.46\aws-java-sdk-iot1clickdevices-1.12.46.jar;C:\Users\A-6190\.m2\repository\com\amazonaws\aws-java-sdk-iotanalytics\1.12.46\aws-java-sdk-iotanalytics-1.12.46.jar;C:\Users\A-6190\.m2\repository\com\amazonaws\aws-java-sdk-acmpca\1.12.46\aws-java-sdk-acmpca-1.12.46.jar;C:\Users\A-6190\.m2\repository\com\amazonaws\aws-java-sdk-secretsmanager\1.12.46\aws-java-sdk-secretsmanager-1.12.46.jar;C:\Users\A-6190\.m2\repository\com\amazonaws\aws-java-sdk-fms\1.12.46\aws-java-sdk-fms-1.12.46.jar;C:\Users\A-6190\.m2\repository\com\amazonaws\aws-java-sdk-connect\1.12.46\aws-java-sdk-connect-1.12.46.jar;C:\Users\A-6190\.m2\repository\com\amazonaws\aws-java-sdk-transcribe\1.12.46\aws-java-sdk-transcribe-1.12.46.jar;C:\Users\A-6190\.m2\repository\com\amazonaws\aws-java-sdk-autoscalingplans\1.12.46\aws-java-sdk-autoscalingplans-1.12.46.jar;C:\Users\A-6190\.m2\repository\com\amazonaws\aws-java-sdk-workmail\1.12.46\aws-java-sdk-workmail-1.12.46.jar;C:\Users\A-6190\.m2\repository\com\amazonaws\aws-java-sdk-servicediscovery\1.12.46\aws-java-sdk-servicediscovery-1.12.46.jar;C:\Users\A-6190\.m2\repository\com\amazonaws\aws-java-sdk-cloud9\1.12.46\aws-java-sdk-cloud9-1.12.46.jar;C:\Users\A-6190\.m2\repository\com\amazonaws\aws-java-sdk-serverlessapplicationrepository\1.12.46\aws-java-sdk-serverlessapplicationrepository-1.12.46.jar;C:\Users\A-6190\.m2\repository\com\amazonaws\aws-java-sdk-alexaforbusiness\1.12.46\aws-java-sdk-alexaforbusiness-1.12.46.jar;C:\Users\A-6190\.m2\repository\com\amazonaws\aws-java-sdk-resourcegroups\1.12.46\aws-java-sdk-resourcegroups-1.12.46.jar;C:\Users\A-6190\.m2\repository\com\amazonaws\aws-java-sdk-comprehend\1.12.46\aws-java-sdk-comprehend-1.12.46.jar;C:\Users\A-6190\.m2\repository\com\amazonaws\aws-java-sdk-translate\1.12.46\aws-java-sdk-translate-1.12.46.jar;C:\Users\A-6190\.m2\repository\com\amazonaws\aws-java-sdk-sagemaker\1.12.46\aws-java-sdk-sagemaker-1.12.46.jar;C:\Users\A-6190\.m2\repository\com\amazonaws\aws-java-sdk-iotjobsdataplane\1.12.46\aws-java-sdk-iotjobsdataplane-1.12.46.jar;C:\Users\A-6190\.m2\repository\com\amazonaws\aws-java-sdk-sagemakerruntime\1.12.46\aws-java-sdk-sagemakerruntime-1.12.46.jar;C:\Users\A-6190\.m2\repository\com\amazonaws\aws-java-sdk-kinesisvideo\1.12.46\aws-java-sdk-kinesisvideo-1.12.46.jar;C:\Users\A-6190\.m2\repository\io\netty\netty-handler\4.1.61.Final\netty-handler-4.1.61.Final.jar;C:\Users\A-6190\.m2\repository\com\amazonaws\aws-java-sdk-appsync\1.12.46\aws-java-sdk-appsync-1.12.46.jar;C:\Users\A-6190\.m2\repository\com\amazonaws\aws-java-sdk-guardduty\1.12.46\aws-java-sdk-guardduty-1.12.46.jar;C:\Users\A-6190\.m2\repository\com\amazonaws\aws-java-sdk-mq\1.12.46\aws-java-sdk-mq-1.12.46.jar;C:\Users\A-6190\.m2\repository\com\amazonaws\aws-java-sdk-mediaconvert\1.12.46\aws-java-sdk-mediaconvert-1.12.46.jar;C:\Users\A-6190\.m2\repository\com\amazonaws\aws-java-sdk-mediastore\1.12.46\aws-java-sdk-mediastore-1.12.46.jar;C:\Users\A-6190\.m2\repository\com\amazonaws\aws-java-sdk-mediastoredata\1.12.46\aws-java-sdk-mediastoredata-1.12.46.jar;C:\Users\A-6190\.m2\repository\com\amazonaws\aws-java-sdk-medialive\1.12.46\aws-java-sdk-medialive-1.12.46.jar;C:\Users\A-6190\.m2\repository\com\amazonaws\aws-java-sdk-mediapackage\1.12.46\aws-java-sdk-mediapackage-1.12.46.jar;C:\Users\A-6190\.m2\repository\com\amazonaws\aws-java-sdk-costexplorer\1.12.46\aws-java-sdk-costexplorer-1.12.46.jar;C:\Users\A-6190\.m2\repository\com\amazonaws\aws-java-sdk-pricing\1.12.46\aws-java-sdk-pricing-1.12.46.jar;C:\Users\A-6190\.m2\repository\com\amazonaws\aws-java-sdk-mobile\1.12.46\aws-java-sdk-mobile-1.12.46.jar;C:\Users\A-6190\.m2\repository\com\amazonaws\aws-java-sdk-cloudhsmv2\1.12.46\aws-java-sdk-cloudhsmv2-1.12.46.jar;C:\Users\A-6190\.m2\repository\com\amazonaws\aws-java-sdk-glue\1.12.46\aws-java-sdk-glue-1.12.46.jar;C:\Users\A-6190\.m2\repository\com\amazonaws\aws-java-sdk-migrationhub\1.12.46\aws-java-sdk-migrationhub-1.12.46.jar;C:\Users\A-6190\.m2\repository\com\amazonaws\aws-java-sdk-dax\1.12.46\aws-java-sdk-dax-1.12.46.jar;C:\Users\A-6190\.m2\repository\com\amazonaws\aws-java-sdk-greengrass\1.12.46\aws-java-sdk-greengrass-1.12.46.jar;C:\Users\A-6190\.m2\repository\com\amazonaws\aws-java-sdk-athena\1.12.46\aws-java-sdk-athena-1.12.46.jar;C:\Users\A-6190\.m2\repository\com\amazonaws\aws-java-sdk-marketplaceentitlement\1.12.46\aws-java-sdk-marketplaceentitlement-1.12.46.jar;C:\Users\A-6190\.m2\repository\com\amazonaws\aws-java-sdk-codestar\1.12.46\aws-java-sdk-codestar-1.12.46.jar;C:\Users\A-6190\.m2\repository\com\amazonaws\aws-java-sdk-lexmodelbuilding\1.12.46\aws-java-sdk-lexmodelbuilding-1.12.46.jar;C:\Users\A-6190\.m2\repository\com\amazonaws\aws-java-sdk-resourcegroupstaggingapi\1.12.46\aws-java-sdk-resourcegroupstaggingapi-1.12.46.jar;C:\Users\A-6190\.m2\repository\com\amazonaws\aws-java-sdk-pinpoint\1.12.46\aws-java-sdk-pinpoint-1.12.46.jar;C:\Users\A-6190\.m2\repository\com\amazonaws\aws-java-sdk-xray\1.12.46\aws-java-sdk-xray-1.12.46.jar;C:\Users\A-6190\.m2\repository\com\amazonaws\aws-java-sdk-opsworkscm\1.12.46\aws-java-sdk-opsworkscm-1.12.46.jar;C:\Users\A-6190\.m2\repository\com\amazonaws\aws-java-sdk-support\1.12.46\aws-java-sdk-support-1.12.46.jar;C:\Users\A-6190\.m2\repository\com\amazonaws\aws-java-sdk-simpledb\1.12.46\aws-java-sdk-simpledb-1.12.46.jar;C:\Users\A-6190\.m2\repository\com\amazonaws\aws-java-sdk-servicecatalog\1.12.46\aws-java-sdk-servicecatalog-1.12.46.jar;C:\Users\A-6190\.m2\repository\com\amazonaws\aws-java-sdk-servermigration\1.12.46\aws-java-sdk-servermigration-1.12.46.jar;C:\Users\A-6190\.m2\repository\com\amazonaws\aws-java-sdk-simpleworkflow\1.12.46\aws-java-sdk-simpleworkflow-1.12.46.jar;C:\Users\A-6190\.m2\repository\com\amazonaws\aws-java-sdk-storagegateway\1.12.46\aws-java-sdk-storagegateway-1.12.46.jar;C:\Users\A-6190\.m2\repository\com\amazonaws\aws-java-sdk-route53\1.12.46\aws-java-sdk-route53-1.12.46.jar;C:\Users\A-6190\.m2\repository\com\amazonaws\aws-java-sdk-importexport\1.12.46\aws-java-sdk-importexport-1.12.46.jar;C:\Users\A-6190\.m2\repository\com\amazonaws\aws-java-sdk-sts\1.12.46\aws-java-sdk-sts-1.12.46.jar;C:\Users\A-6190\.m2\repository\com\amazonaws\aws-java-sdk-sqs\1.12.46\aws-java-sdk-sqs-1.12.46.jar;C:\Users\A-6190\.m2\repository\com\amazonaws\aws-java-sdk-rds\1.12.46\aws-java-sdk-rds-1.12.46.jar;C:\Users\A-6190\.m2\repository\com\amazonaws\aws-java-sdk-redshift\1.12.46\aws-java-sdk-redshift-1.12.46.jar;C:\Users\A-6190\.m2\repository\com\amazonaws\aws-java-sdk-elasticbeanstalk\1.12.46\aws-java-sdk-elasticbeanstalk-1.12.46.jar;C:\Users\A-6190\.m2\repository\com\amazonaws\aws-java-sdk-glacier\1.12.46\aws-java-sdk-glacier-1.12.46.jar;C:\Users\A-6190\.m2\repository\com\amazonaws\aws-java-sdk-iam\1.12.46\aws-java-sdk-iam-1.12.46.jar;C:\Users\A-6190\.m2\repository\com\amazonaws\aws-java-sdk-datapipeline\1.12.46\aws-java-sdk-datapipeline-1.12.46.jar;C:\Users\A-6190\.m2\repository\com\amazonaws\aws-java-sdk-elasticloadbalancing\1.12.46\aws-java-sdk-elasticloadbalancing-1.12.46.jar;C:\Users\A-6190\.m2\repository\com\amazonaws\aws-java-sdk-elasticloadbalancingv2\1.12.46\aws-java-sdk-elasticloadbalancingv2-1.12.46.jar;C:\Users\A-6190\.m2\repository\com\amazonaws\aws-java-sdk-emr\1.12.46\aws-java-sdk-emr-1.12.46.jar;C:\Users\A-6190\.m2\repository\com\amazonaws\aws-java-sdk-elasticache\1.12.46\aws-java-sdk-elasticache-1.12.46.jar;C:\Users\A-6190\.m2\repository\com\amazonaws\aws-java-sdk-elastictranscoder\1.12.46\aws-java-sdk-elastictranscoder-1.12.46.jar;C:\Users\A-6190\.m2\repository\com\amazonaws\aws-java-sdk-ec2\1.12.46\aws-java-sdk-ec2-1.12.46.jar;C:\Users\A-6190\.m2\repository\com\amazonaws\aws-java-sdk-dynamodb\1.12.46\aws-java-sdk-dynamodb-1.12.46.jar;C:\Users\A-6190\.m2\repository\com\amazonaws\aws-java-sdk-sns\1.12.46\aws-java-sdk-sns-1.12.46.jar;C:\Users\A-6190\.m2\repository\com\amazonaws\aws-java-sdk-budgets\1.12.46\aws-java-sdk-budgets-1.12.46.jar;C:\Users\A-6190\.m2\repository\com\amazonaws\aws-java-sdk-cloudtrail\1.12.46\aws-java-sdk-cloudtrail-1.12.46.jar;C:\Users\A-6190\.m2\repository\com\amazonaws\aws-java-sdk-cloudwatch\1.12.46\aws-java-sdk-cloudwatch-1.12.46.jar;C:\Users\A-6190\.m2\repository\com\amazonaws\aws-java-sdk-logs\1.12.46\aws-java-sdk-logs-1.12.46.jar;C:\Users\A-6190\.m2\repository\com\amazonaws\aws-java-sdk-events\1.12.46\aws-java-sdk-events-1.12.46.jar;C:\Users\A-6190\.m2\repository\com\amazonaws\aws-java-sdk-cognitoidentity\1.12.46\aws-java-sdk-cognitoidentity-1.12.46.jar;C:\Users\A-6190\.m2\repository\com\amazonaws\aws-java-sdk-cognitosync\1.12.46\aws-java-sdk-cognitosync-1.12.46.jar;C:\Users\A-6190\.m2\repository\com\amazonaws\aws-java-sdk-directconnect\1.12.46\aws-java-sdk-directconnect-1.12.46.jar;C:\Users\A-6190\.m2\repository\com\amazonaws\aws-java-sdk-cloudformation\1.12.46\aws-java-sdk-cloudformation-1.12.46.jar;C:\Users\A-6190\.m2\repository\com\amazonaws\aws-java-sdk-cloudfront\1.12.46\aws-java-sdk-cloudfront-1.12.46.jar;C:\Users\A-6190\.m2\repository\com\amazonaws\aws-java-sdk-clouddirectory\1.12.46\aws-java-sdk-clouddirectory-1.12.46.jar;C:\Users\A-6190\.m2\repository\com\amazonaws\aws-java-sdk-kinesis\1.12.46\aws-java-sdk-kinesis-1.12.46.jar;C:\Users\A-6190\.m2\repository\com\amazonaws\aws-java-sdk-opsworks\1.12.46\aws-java-sdk-opsworks-1.12.46.jar;C:\Users\A-6190\.m2\repository\com\amazonaws\aws-java-sdk-ses\1.12.46\aws-java-sdk-ses-1.12.46.jar;C:\Users\A-6190\.m2\repository\com\amazonaws\aws-java-sdk-autoscaling\1.12.46\aws-java-sdk-autoscaling-1.12.46.jar;C:\Users\A-6190\.m2\repository\com\amazonaws\aws-java-sdk-cloudsearch\1.12.46\aws-java-sdk-cloudsearch-1.12.46.jar;C:\Users\A-6190\.m2\repository\com\amazonaws\aws-java-sdk-cloudwatchmetrics\1.12.46\aws-java-sdk-cloudwatchmetrics-1.12.46.jar;C:\Users\A-6190\.m2\repository\com\amazonaws\aws-java-sdk-codedeploy\1.12.46\aws-java-sdk-codedeploy-1.12.46.jar;C:\Users\A-6190\.m2\repository\com\amazonaws\aws-java-sdk-codepipeline\1.12.46\aws-java-sdk-codepipeline-1.12.46.jar;C:\Users\A-6190\.m2\repository\com\amazonaws\aws-java-sdk-config\1.12.46\aws-java-sdk-config-1.12.46.jar;C:\Users\A-6190\.m2\repository\com\amazonaws\aws-java-sdk-lambda\1.12.46\aws-java-sdk-lambda-1.12.46.jar;C:\Users\A-6190\.m2\repository\com\amazonaws\aws-java-sdk-ecs\1.12.46\aws-java-sdk-ecs-1.12.46.jar;C:\Users\A-6190\.m2\repository\com\amazonaws\aws-java-sdk-ecr\1.12.46\aws-java-sdk-ecr-1.12.46.jar;C:\Users\A-6190\.m2\repository\com\amazonaws\aws-java-sdk-cloudhsm\1.12.46\aws-java-sdk-cloudhsm-1.12.46.jar;C:\Users\A-6190\.m2\repository\com\amazonaws\aws-java-sdk-ssm\1.12.46\aws-java-sdk-ssm-1.12.46.jar;C:\Users\A-6190\.m2\repository\com\amazonaws\aws-java-sdk-workspaces\1.12.46\aws-java-sdk-workspaces-1.12.46.jar;C:\Users\A-6190\.m2\repository\com\amazonaws\aws-java-sdk-machinelearning\1.12.46\aws-java-sdk-machinelearning-1.12.46.jar;C:\Users\A-6190\.m2\repository\com\amazonaws\aws-java-sdk-directory\1.12.46\aws-java-sdk-directory-1.12.46.jar;C:\Users\A-6190\.m2\repository\com\amazonaws\aws-java-sdk-efs\1.12.46\aws-java-sdk-efs-1.12.46.jar;C:\Users\A-6190\.m2\repository\com\amazonaws\aws-java-sdk-codecommit\1.12.46\aws-java-sdk-codecommit-1.12.46.jar;C:\Users\A-6190\.m2\repository\com\amazonaws\aws-java-sdk-devicefarm\1.12.46\aws-java-sdk-devicefarm-1.12.46.jar;C:\Users\A-6190\.m2\repository\com\amazonaws\aws-java-sdk-elasticsearch\1.12.46\aws-java-sdk-elasticsearch-1.12.46.jar;C:\Users\A-6190\.m2\repository\com\amazonaws\aws-java-sdk-waf\1.12.46\aws-java-sdk-waf-1.12.46.jar;C:\Users\A-6190\.m2\repository\com\amazonaws\aws-java-sdk-marketplacecommerceanalytics\1.12.46\aws-java-sdk-marketplacecommerceanalytics-1.12.46.jar;C:\Users\A-6190\.m2\repository\com\amazonaws\aws-java-sdk-inspector\1.12.46\aws-java-sdk-inspector-1.12.46.jar;C:\Users\A-6190\.m2\repository\com\amazonaws\aws-java-sdk-iot\1.12.46\aws-java-sdk-iot-1.12.46.jar;C:\Users\A-6190\.m2\repository\com\amazonaws\aws-java-sdk-api-gateway\1.12.46\aws-java-sdk-api-gateway-1.12.46.jar;C:\Users\A-6190\.m2\repository\com\amazonaws\aws-java-sdk-acm\1.12.46\aws-java-sdk-acm-1.12.46.jar;C:\Users\A-6190\.m2\repository\com\amazonaws\aws-java-sdk-gamelift\1.12.46\aws-java-sdk-gamelift-1.12.46.jar;C:\Users\A-6190\.m2\repository\com\amazonaws\aws-java-sdk-dms\1.12.46\aws-java-sdk-dms-1.12.46.jar;C:\Users\A-6190\.m2\repository\com\amazonaws\aws-java-sdk-marketplacemeteringservice\1.12.46\aws-java-sdk-marketplacemeteringservice-1.12.46.jar;C:\Users\A-6190\.m2\repository\com\amazonaws\aws-java-sdk-cognitoidp\1.12.46\aws-java-sdk-cognitoidp-1.12.46.jar;C:\Users\A-6190\.m2\repository\com\amazonaws\aws-java-sdk-discovery\1.12.46\aws-java-sdk-discovery-1.12.46.jar;C:\Users\A-6190\.m2\repository\com\amazonaws\aws-java-sdk-applicationautoscaling\1.12.46\aws-java-sdk-applicationautoscaling-1.12.46.jar;C:\Users\A-6190\.m2\repository\com\amazonaws\aws-java-sdk-snowball\1.12.46\aws-java-sdk-snowball-1.12.46.jar;C:\Users\A-6190\.m2\repository\com\amazonaws\aws-java-sdk-rekognition\1.12.46\aws-java-sdk-rekognition-1.12.46.jar;C:\Users\A-6190\.m2\repository\com\amazonaws\aws-java-sdk-polly\1.12.46\aws-java-sdk-polly-1.12.46.jar;C:\Users\A-6190\.m2\repository\com\amazonaws\aws-java-sdk-lightsail\1.12.46\aws-java-sdk-lightsail-1.12.46.jar;C:\Users\A-6190\.m2\repository\com\amazonaws\aws-java-sdk-stepfunctions\1.12.46\aws-java-sdk-stepfunctions-1.12.46.jar;C:\Users\A-6190\.m2\repository\com\amazonaws\aws-java-sdk-health\1.12.46\aws-java-sdk-health-1.12.46.jar;C:\Users\A-6190\.m2\repository\com\amazonaws\aws-java-sdk-costandusagereport\1.12.46\aws-java-sdk-costandusagereport-1.12.46.jar;C:\Users\A-6190\.m2\repository\com\amazonaws\aws-java-sdk-codebuild\1.12.46\aws-java-sdk-codebuild-1.12.46.jar;C:\Users\A-6190\.m2\repository\com\amazonaws\aws-java-sdk-appstream\1.12.46\aws-java-sdk-appstream-1.12.46.jar;C:\Users\A-6190\.m2\repository\com\amazonaws\aws-java-sdk-shield\1.12.46\aws-java-sdk-shield-1.12.46.jar;C:\Users\A-6190\.m2\repository\com\amazonaws\aws-java-sdk-batch\1.12.46\aws-java-sdk-batch-1.12.46.jar;C:\Users\A-6190\.m2\repository\com\amazonaws\aws-java-sdk-lex\1.12.46\aws-java-sdk-lex-1.12.46.jar;C:\Users\A-6190\.m2\repository\com\amazonaws\aws-java-sdk-mechanicalturkrequester\1.12.46\aws-java-sdk-mechanicalturkrequester-1.12.46.jar;C:\Users\A-6190\.m2\repository\com\amazonaws\aws-java-sdk-organizations\1.12.46\aws-java-sdk-organizations-1.12.46.jar;C:\Users\A-6190\.m2\repository\com\amazonaws\aws-java-sdk-workdocs\1.12.46\aws-java-sdk-workdocs-1.12.46.jar;C:\Users\A-6190\.m2\repository\com\amazonaws\aws-java-sdk-models\1.12.46\aws-java-sdk-models-1.12.46.jar;C:\Users\A-6190\.m2\repository\com\amazonaws\aws-java-sdk-swf-libraries\1.11.22\aws-java-sdk-swf-libraries-1.11.22.jar;C:\Users\A-6190\.m2\repository\com\sun\mail\javax.mail\1.6.2\javax.mail-1.6.2.jar;C:\Users\A-6190\.m2\repository\javax\activation\activation\1.1\activation-1.1.jar;"/>
    <property name="java.vm.vendor" value="Oracle Corporation"/>
    <property name="sun.arch.data.model" value="64"/>
    <property name="user.variant" value=""/>
    <property name="java.vendor.url" value="http://java.oracle.com/"/>
    <property name="user.timezone" value="Asia/Calcutta"/>
    <property name="java.vm.specification.version" value="11"/>
    <property name="os.name" value="Windows 10"/>
    <property name="sun.java.launcher" value="SUN_STANDARD"/>
    <property name="user.country" value="ID"/>
    <property name="sun.boot.library.path" value="D:\Applns\openjdk-11_windows-x64_bin\jdk-11\bin"/>
    <property name="sun.java.command" value="C:\Users\A-6190\AppData\Local\Temp\surefire13128585032059341188\surefirebooter15083558925044389297.jar C:\Users\A-6190\AppData\Local\Temp\surefire13128585032059341188 2021-08-24T23-37-45_071-jvmRun1 surefire9135365761558150790tmp surefire_06190571597966101759tmp"/>
    <property name="jdk.debug" value="release"/>
    <property name="surefire.test.class.path" value="D:\D Drive Data_Backup\awsexplore\target\test-classes;D:\D Drive Data_Backup\awsexplore\target\classes;C:\Users\A-6190\.m2\repository\org\seleniumhq\selenium\selenium-java\4.0.0-beta-4\selenium-java-4.0.0-beta-4.jar;C:\Users\A-6190\.m2\repository\org\seleniumhq\selenium\selenium-api\4.0.0-beta-4\selenium-api-4.0.0-beta-4.jar;C:\Users\A-6190\.m2\repository\org\seleniumhq\selenium\selenium-chrome-driver\4.0.0-beta-4\selenium-chrome-driver-4.0.0-beta-4.jar;C:\Users\A-6190\.m2\repository\com\google\auto\service\auto-service-annotations\1.0\auto-service-annotations-1.0.jar;C:\Users\A-6190\.m2\repository\com\google\auto\service\auto-service\1.0\auto-service-1.0.jar;C:\Users\A-6190\.m2\repository\com\google\auto\auto-common\1.0\auto-common-1.0.jar;C:\Users\A-6190\.m2\repository\com\google\guava\guava\30.1.1-jre\guava-30.1.1-jre.jar;C:\Users\A-6190\.m2\repository\com\google\guava\failureaccess\1.0.1\failureaccess-1.0.1.jar;C:\Users\A-6190\.m2\repository\com\google\guava\listenablefuture\9999.0-empty-to-avoid-conflict-with-guava\listenablefuture-9999.0-empty-to-avoid-conflict-with-guava.jar;C:\Users\A-6190\.m2\repository\com\google\code\findbugs\jsr305\3.0.2\jsr305-3.0.2.jar;C:\Users\A-6190\.m2\repository\org\checkerframework\checker-qual\3.8.0\checker-qual-3.8.0.jar;C:\Users\A-6190\.m2\repository\com\google\errorprone\error_prone_annotations\2.5.1\error_prone_annotations-2.5.1.jar;C:\Users\A-6190\.m2\repository\com\google\j2objc\j2objc-annotations\1.3\j2objc-annotations-1.3.jar;C:\Users\A-6190\.m2\repository\org\seleniumhq\selenium\selenium-chromium-driver\4.0.0-beta-4\selenium-chromium-driver-4.0.0-beta-4.jar;C:\Users\A-6190\.m2\repository\org\seleniumhq\selenium\selenium-devtools\4.0.0-beta-4\selenium-devtools-4.0.0-beta-4.jar;C:\Users\A-6190\.m2\repository\org\seleniumhq\selenium\selenium-http\4.0.0-beta-4\selenium-http-4.0.0-beta-4.jar;C:\Users\A-6190\.m2\repository\org\seleniumhq\selenium\selenium-json\4.0.0-beta-4\selenium-json-4.0.0-beta-4.jar;C:\Users\A-6190\.m2\repository\org\seleniumhq\selenium\selenium-devtools-v85\4.0.0-beta-4\selenium-devtools-v85-4.0.0-beta-4.jar;C:\Users\A-6190\.m2\repository\org\seleniumhq\selenium\selenium-devtools-v88\4.0.0-beta-4\selenium-devtools-v88-4.0.0-beta-4.jar;C:\Users\A-6190\.m2\repository\org\seleniumhq\selenium\selenium-devtools-v89\4.0.0-beta-4\selenium-devtools-v89-4.0.0-beta-4.jar;C:\Users\A-6190\.m2\repository\org\seleniumhq\selenium\selenium-devtools-v90\4.0.0-beta-4\selenium-devtools-v90-4.0.0-beta-4.jar;C:\Users\A-6190\.m2\repository\org\seleniumhq\selenium\selenium-devtools-v91\4.0.0-beta-4\selenium-devtools-v91-4.0.0-beta-4.jar;C:\Users\A-6190\.m2\repository\org\seleniumhq\selenium\selenium-edge-driver\4.0.0-beta-4\selenium-edge-driver-4.0.0-beta-4.jar;C:\Users\A-6190\.m2\repository\org\seleniumhq\selenium\selenium-firefox-driver\4.0.0-beta-4\selenium-firefox-driver-4.0.0-beta-4.jar;C:\Users\A-6190\.m2\repository\org\seleniumhq\selenium\selenium-firefox-xpi-driver\4.0.0-beta-4\selenium-firefox-xpi-driver-4.0.0-beta-4.jar;C:\Users\A-6190\.m2\repository\org\seleniumhq\selenium\selenium-ie-driver\4.0.0-beta-4\selenium-ie-driver-4.0.0-beta-4.jar;C:\Users\A-6190\.m2\repository\org\seleniumhq\selenium\selenium-opera-driver\4.0.0-beta-4\selenium-opera-driver-4.0.0-beta-4.jar;C:\Users\A-6190\.m2\repository\org\seleniumhq\selenium\selenium-remote-driver\4.0.0-beta-4\selenium-remote-driver-4.0.0-beta-4.jar;C:\Users\A-6190\.m2\repository\io\netty\netty-buffer\4.1.63.Final\netty-buffer-4.1.63.Final.jar;C:\Users\A-6190\.m2\repository\io\netty\netty-codec-http\4.1.63.Final\netty-codec-http-4.1.63.Final.jar;C:\Users\A-6190\.m2\repository\io\netty\netty-codec\4.1.63.Final\netty-codec-4.1.63.Final.jar;C:\Users\A-6190\.m2\repository\io\netty\netty-common\4.1.63.Final\netty-common-4.1.63.Final.jar;C:\Users\A-6190\.m2\repository\io\netty\netty-transport-native-epoll\4.1.63.Final\netty-transport-native-epoll-4.1.63.Final.jar;C:\Users\A-6190\.m2\repository\io\netty\netty-transport-native-kqueue\4.1.63.Final\netty-transport-native-kqueue-4.1.63.Final.jar;C:\Users\A-6190\.m2\repository\io\netty\netty-transport-native-unix-common\4.1.63.Final\netty-transport-native-unix-common-4.1.63.Final.jar;C:\Users\A-6190\.m2\repository\io\netty\netty-transport\4.1.63.Final\netty-transport-4.1.63.Final.jar;C:\Users\A-6190\.m2\repository\io\netty\netty-resolver\4.1.63.Final\netty-resolver-4.1.63.Final.jar;C:\Users\A-6190\.m2\repository\io\opentelemetry\opentelemetry-api\1.2.0\opentelemetry-api-1.2.0.jar;C:\Users\A-6190\.m2\repository\io\opentelemetry\opentelemetry-context\1.2.0\opentelemetry-context-1.2.0.jar;C:\Users\A-6190\.m2\repository\io\opentelemetry\opentelemetry-exporter-logging\1.2.0\opentelemetry-exporter-logging-1.2.0.jar;C:\Users\A-6190\.m2\repository\io\opentelemetry\opentelemetry-sdk-metrics\1.2.0-alpha\opentelemetry-sdk-metrics-1.2.0-alpha.jar;C:\Users\A-6190\.m2\repository\io\opentelemetry\opentelemetry-sdk-common\1.2.0\opentelemetry-sdk-common-1.2.0.jar;C:\Users\A-6190\.m2\repository\io\opentelemetry\opentelemetry-sdk-extension-autoconfigure\1.2.0-alpha\opentelemetry-sdk-extension-autoconfigure-1.2.0-alpha.jar;C:\Users\A-6190\.m2\repository\io\opentelemetry\opentelemetry-sdk-trace\1.2.0\opentelemetry-sdk-trace-1.2.0.jar;C:\Users\A-6190\.m2\repository\io\opentelemetry\opentelemetry-api-metrics\1.2.0-alpha\opentelemetry-api-metrics-1.2.0-alpha.jar;C:\Users\A-6190\.m2\repository\io\opentelemetry\opentelemetry-sdk\1.2.0\opentelemetry-sdk-1.2.0.jar;C:\Users\A-6190\.m2\repository\io\opentelemetry\opentelemetry-semconv\1.2.0-alpha\opentelemetry-semconv-1.2.0-alpha.jar;C:\Users\A-6190\.m2\repository\io\ous\jtoml\2.0.0\jtoml-2.0.0.jar;C:\Users\A-6190\.m2\repository\net\bytebuddy\byte-buddy\1.11.0\byte-buddy-1.11.0.jar;C:\Users\A-6190\.m2\repository\org\apache\commons\commons-exec\1.3\commons-exec-1.3.jar;C:\Users\A-6190\.m2\repository\org\asynchttpclient\async-http-client\2.12.3\async-http-client-2.12.3.jar;C:\Users\A-6190\.m2\repository\org\asynchttpclient\async-http-client-netty-utils\2.12.3\async-http-client-netty-utils-2.12.3.jar;C:\Users\A-6190\.m2\repository\io\netty\netty-codec-socks\4.1.60.Final\netty-codec-socks-4.1.60.Final.jar;C:\Users\A-6190\.m2\repository\io\netty\netty-handler-proxy\4.1.60.Final\netty-handler-proxy-4.1.60.Final.jar;C:\Users\A-6190\.m2\repository\io\netty\netty-transport-native-epoll\4.1.60.Final\netty-transport-native-epoll-4.1.60.Final-linux-x86_64.jar;C:\Users\A-6190\.m2\repository\io\netty\netty-transport-native-kqueue\4.1.60.Final\netty-transport-native-kqueue-4.1.60.Final-osx-x86_64.jar;C:\Users\A-6190\.m2\repository\org\reactivestreams\reactive-streams\1.0.3\reactive-streams-1.0.3.jar;C:\Users\A-6190\.m2\repository\com\typesafe\netty\netty-reactive-streams\2.0.4\netty-reactive-streams-2.0.4.jar;C:\Users\A-6190\.m2\repository\org\slf4j\slf4j-api\1.7.30\slf4j-api-1.7.30.jar;C:\Users\A-6190\.m2\repository\com\sun\activation\jakarta.activation\1.2.2\jakarta.activation-1.2.2.jar;C:\Users\A-6190\.m2\repository\org\seleniumhq\selenium\selenium-safari-driver\4.0.0-beta-4\selenium-safari-driver-4.0.0-beta-4.jar;C:\Users\A-6190\.m2\repository\org\seleniumhq\selenium\selenium-support\4.0.0-beta-4\selenium-support-4.0.0-beta-4.jar;C:\Users\A-6190\.m2\repository\org\testng\testng\7.4.0\testng-7.4.0.jar;C:\Users\A-6190\.m2\repository\com\beust\jcommander\1.78\jcommander-1.78.jar;C:\Users\A-6190\.m2\repository\org\webjars\jquery\3.5.1\jquery-3.5.1.jar;C:\Users\A-6190\.m2\repository\com\amazonaws\aws-java-sdk-s3\1.12.46\aws-java-sdk-s3-1.12.46.jar;C:\Users\A-6190\.m2\repository\com\amazonaws\aws-java-sdk-kms\1.12.46\aws-java-sdk-kms-1.12.46.jar;C:\Users\A-6190\.m2\repository\com\amazonaws\aws-java-sdk-core\1.12.46\aws-java-sdk-core-1.12.46.jar;C:\Users\A-6190\.m2\repository\commons-logging\commons-logging\1.1.3\commons-logging-1.1.3.jar;C:\Users\A-6190\.m2\repository\commons-codec\commons-codec\1.15\commons-codec-1.15.jar;C:\Users\A-6190\.m2\repository\org\apache\httpcomponents\httpclient\4.5.13\httpclient-4.5.13.jar;C:\Users\A-6190\.m2\repository\org\apache\httpcomponents\httpcore\4.4.13\httpcore-4.4.13.jar;C:\Users\A-6190\.m2\repository\software\amazon\ion\ion-java\1.0.2\ion-java-1.0.2.jar;C:\Users\A-6190\.m2\repository\com\fasterxml\jackson\core\jackson-databind\2.12.3\jackson-databind-2.12.3.jar;C:\Users\A-6190\.m2\repository\com\fasterxml\jackson\core\jackson-annotations\2.12.3\jackson-annotations-2.12.3.jar;C:\Users\A-6190\.m2\repository\com\fasterxml\jackson\core\jackson-core\2.12.3\jackson-core-2.12.3.jar;C:\Users\A-6190\.m2\repository\com\fasterxml\jackson\dataformat\jackson-dataformat-cbor\2.12.3\jackson-dataformat-cbor-2.12.3.jar;C:\Users\A-6190\.m2\repository\joda-time\joda-time\2.8.1\joda-time-2.8.1.jar;C:\Users\A-6190\.m2\repository\com\amazonaws\jmespath-java\1.12.46\jmespath-java-1.12.46.jar;C:\Users\A-6190\.m2\repository\com\amazonaws\aws-java-sdk\1.12.46\aws-java-sdk-1.12.46.jar;C:\Users\A-6190\.m2\repository\com\amazonaws\aws-java-sdk-snowdevicemanagement\1.12.46\aws-java-sdk-snowdevicemanagement-1.12.46.jar;C:\Users\A-6190\.m2\repository\com\amazonaws\aws-java-sdk-chimesdkidentity\1.12.46\aws-java-sdk-chimesdkidentity-1.12.46.jar;C:\Users\A-6190\.m2\repository\com\amazonaws\aws-java-sdk-chimesdkmessaging\1.12.46\aws-java-sdk-chimesdkmessaging-1.12.46.jar;C:\Users\A-6190\.m2\repository\com\amazonaws\aws-java-sdk-route53recoverycluster\1.12.46\aws-java-sdk-route53recoverycluster-1.12.46.jar;C:\Users\A-6190\.m2\repository\com\amazonaws\aws-java-sdk-route53recoverycontrolconfig\1.12.46\aws-java-sdk-route53recoverycontrolconfig-1.12.46.jar;C:\Users\A-6190\.m2\repository\com\amazonaws\aws-java-sdk-route53recoveryreadiness\1.12.46\aws-java-sdk-route53recoveryreadiness-1.12.46.jar;C:\Users\A-6190\.m2\repository\com\amazonaws\aws-java-sdk-proton\1.12.46\aws-java-sdk-proton-1.12.46.jar;C:\Users\A-6190\.m2\repository\com\amazonaws\aws-java-sdk-apprunner\1.12.46\aws-java-sdk-apprunner-1.12.46.jar;C:\Users\A-6190\.m2\repository\com\amazonaws\aws-java-sdk-applicationcostprofiler\1.12.46\aws-java-sdk-applicationcostprofiler-1.12.46.jar;C:\Users\A-6190\.m2\repository\com\amazonaws\aws-java-sdk-ssmcontacts\1.12.46\aws-java-sdk-ssmcontacts-1.12.46.jar;C:\Users\A-6190\.m2\repository\com\amazonaws\aws-java-sdk-ssmincidents\1.12.46\aws-java-sdk-ssmincidents-1.12.46.jar;C:\Users\A-6190\.m2\repository\com\amazonaws\aws-java-sdk-finspacedata\1.12.46\aws-java-sdk-finspacedata-1.12.46.jar;C:\Users\A-6190\.m2\repository\com\amazonaws\aws-java-sdk-finspace\1.12.46\aws-java-sdk-finspace-1.12.46.jar;C:\Users\A-6190\.m2\repository\com\amazonaws\aws-java-sdk-nimblestudio\1.12.46\aws-java-sdk-nimblestudio-1.12.46.jar;C:\Users\A-6190\.m2\repository\com\amazonaws\aws-java-sdk-lookoutequipment\1.12.46\aws-java-sdk-lookoutequipment-1.12.46.jar;C:\Users\A-6190\.m2\repository\com\amazonaws\aws-java-sdk-mgn\1.12.46\aws-java-sdk-mgn-1.12.46.jar;C:\Users\A-6190\.m2\repository\com\amazonaws\aws-java-sdk-lookoutmetrics\1.12.46\aws-java-sdk-lookoutmetrics-1.12.46.jar;C:\Users\A-6190\.m2\repository\com\amazonaws\aws-java-sdk-fis\1.12.46\aws-java-sdk-fis-1.12.46.jar;C:\Users\A-6190\.m2\repository\com\amazonaws\aws-java-sdk-lexmodelsv2\1.12.46\aws-java-sdk-lexmodelsv2-1.12.46.jar;C:\Users\A-6190\.m2\repository\com\amazonaws\aws-java-sdk-lexruntimev2\1.12.46\aws-java-sdk-lexruntimev2-1.12.46.jar;C:\Users\A-6190\.m2\repository\com\amazonaws\aws-java-sdk-wellarchitected\1.12.46\aws-java-sdk-wellarchitected-1.12.46.jar;C:\Users\A-6190\.m2\repository\com\amazonaws\aws-java-sdk-location\1.12.46\aws-java-sdk-location-1.12.46.jar;C:\Users\A-6190\.m2\repository\com\amazonaws\aws-java-sdk-iotdeviceadvisor\1.12.46\aws-java-sdk-iotdeviceadvisor-1.12.46.jar;C:\Users\A-6190\.m2\repository\com\amazonaws\aws-java-sdk-iotfleethub\1.12.46\aws-java-sdk-iotfleethub-1.12.46.jar;C:\Users\A-6190\.m2\repository\com\amazonaws\aws-java-sdk-iotwireless\1.12.46\aws-java-sdk-iotwireless-1.12.46.jar;C:\Users\A-6190\.m2\repository\com\amazonaws\aws-java-sdk-greengrassv2\1.12.46\aws-java-sdk-greengrassv2-1.12.46.jar;C:\Users\A-6190\.m2\repository\com\amazonaws\aws-java-sdk-prometheus\1.12.46\aws-java-sdk-prometheus-1.12.46.jar;C:\Users\A-6190\.m2\repository\com\amazonaws\aws-java-sdk-auditmanager\1.12.46\aws-java-sdk-auditmanager-1.12.46.jar;C:\Users\A-6190\.m2\repository\com\amazonaws\aws-java-sdk-healthlake\1.12.46\aws-java-sdk-healthlake-1.12.46.jar;C:\Users\A-6190\.m2\repository\com\amazonaws\aws-java-sdk-sagemakeredgemanager\1.12.46\aws-java-sdk-sagemakeredgemanager-1.12.46.jar;C:\Users\A-6190\.m2\repository\com\amazonaws\aws-java-sdk-emrcontainers\1.12.46\aws-java-sdk-emrcontainers-1.12.46.jar;C:\Users\A-6190\.m2\repository\com\amazonaws\aws-java-sdk-customerprofiles\1.12.46\aws-java-sdk-customerprofiles-1.12.46.jar;C:\Users\A-6190\.m2\repository\com\amazonaws\aws-java-sdk-lookoutforvision\1.12.46\aws-java-sdk-lookoutforvision-1.12.46.jar;C:\Users\A-6190\.m2\repository\com\amazonaws\aws-java-sdk-connectcontactlens\1.12.46\aws-java-sdk-connectcontactlens-1.12.46.jar;C:\Users\A-6190\.m2\repository\com\amazonaws\aws-java-sdk-amplifybackend\1.12.46\aws-java-sdk-amplifybackend-1.12.46.jar;C:\Users\A-6190\.m2\repository\com\amazonaws\aws-java-sdk-ecrpublic\1.12.46\aws-java-sdk-ecrpublic-1.12.46.jar;C:\Users\A-6190\.m2\repository\com\amazonaws\aws-java-sdk-appintegrations\1.12.46\aws-java-sdk-appintegrations-1.12.46.jar;C:\Users\A-6190\.m2\repository\com\amazonaws\aws-java-sdk-sagemakerfeaturestoreruntime\1.12.46\aws-java-sdk-sagemakerfeaturestoreruntime-1.12.46.jar;C:\Users\A-6190\.m2\repository\com\amazonaws\aws-java-sdk-devopsguru\1.12.46\aws-java-sdk-devopsguru-1.12.46.jar;C:\Users\A-6190\.m2\repository\com\amazonaws\aws-java-sdk-mwaa\1.12.46\aws-java-sdk-mwaa-1.12.46.jar;C:\Users\A-6190\.m2\repository\com\amazonaws\aws-java-sdk-networkfirewall\1.12.46\aws-java-sdk-networkfirewall-1.12.46.jar;C:\Users\A-6190\.m2\repository\com\amazonaws\aws-java-sdk-appregistry\1.12.46\aws-java-sdk-appregistry-1.12.46.jar;C:\Users\A-6190\.m2\repository\com\amazonaws\aws-java-sdk-gluedatabrew\1.12.46\aws-java-sdk-gluedatabrew-1.12.46.jar;C:\Users\A-6190\.m2\repository\com\amazonaws\aws-java-sdk-s3outposts\1.12.46\aws-java-sdk-s3outposts-1.12.46.jar;C:\Users\A-6190\.m2\repository\com\amazonaws\aws-java-sdk-timestreamquery\1.12.46\aws-java-sdk-timestreamquery-1.12.46.jar;C:\Users\A-6190\.m2\repository\com\amazonaws\aws-java-sdk-timestreamwrite\1.12.46\aws-java-sdk-timestreamwrite-1.12.46.jar;C:\Users\A-6190\.m2\repository\com\amazonaws\aws-java-sdk-ssoadmin\1.12.46\aws-java-sdk-ssoadmin-1.12.46.jar;C:\Users\A-6190\.m2\repository\com\amazonaws\aws-java-sdk-redshiftdataapi\1.12.46\aws-java-sdk-redshiftdataapi-1.12.46.jar;C:\Users\A-6190\.m2\repository\com\amazonaws\aws-java-sdk-appflow\1.12.46\aws-java-sdk-appflow-1.12.46.jar;C:\Users\A-6190\.m2\repository\com\amazonaws\aws-java-sdk-identitystore\1.12.46\aws-java-sdk-identitystore-1.12.46.jar;C:\Users\A-6190\.m2\repository\com\amazonaws\aws-java-sdk-braket\1.12.46\aws-java-sdk-braket-1.12.46.jar;C:\Users\A-6190\.m2\repository\com\amazonaws\aws-java-sdk-ivs\1.12.46\aws-java-sdk-ivs-1.12.46.jar;C:\Users\A-6190\.m2\repository\com\amazonaws\aws-java-sdk-honeycode\1.12.46\aws-java-sdk-honeycode-1.12.46.jar;C:\Users\A-6190\.m2\repository\com\amazonaws\aws-java-sdk-codeartifact\1.12.46\aws-java-sdk-codeartifact-1.12.46.jar;C:\Users\A-6190\.m2\repository\com\amazonaws\aws-java-sdk-macie2\1.12.46\aws-java-sdk-macie2-1.12.46.jar;C:\Users\A-6190\.m2\repository\com\amazonaws\aws-java-sdk-iotsitewise\1.12.46\aws-java-sdk-iotsitewise-1.12.46.jar;C:\Users\A-6190\.m2\repository\com\amazonaws\aws-java-sdk-synthetics\1.12.46\aws-java-sdk-synthetics-1.12.46.jar;C:\Users\A-6190\.m2\repository\com\amazonaws\aws-java-sdk-codestarconnections\1.12.46\aws-java-sdk-codestarconnections-1.12.46.jar;C:\Users\A-6190\.m2\repository\com\amazonaws\aws-java-sdk-detective\1.12.46\aws-java-sdk-detective-1.12.46.jar;C:\Users\A-6190\.m2\repository\com\amazonaws\aws-java-sdk-kinesisvideosignalingchannels\1.12.46\aws-java-sdk-kinesisvideosignalingchannels-1.12.46.jar;C:\Users\A-6190\.m2\repository\com\amazonaws\aws-java-sdk-ebs\1.12.46\aws-java-sdk-ebs-1.12.46.jar;C:\Users\A-6190\.m2\repository\com\amazonaws\aws-java-sdk-augmentedairuntime\1.12.46\aws-java-sdk-augmentedairuntime-1.12.46.jar;C:\Users\A-6190\.m2\repository\com\amazonaws\aws-java-sdk-outposts\1.12.46\aws-java-sdk-outposts-1.12.46.jar;C:\Users\A-6190\.m2\repository\com\amazonaws\aws-java-sdk-codeguruprofiler\1.12.46\aws-java-sdk-codeguruprofiler-1.12.46.jar;C:\Users\A-6190\.m2\repository\com\amazonaws\aws-java-sdk-codegurureviewer\1.12.46\aws-java-sdk-codegurureviewer-1.12.46.jar;C:\Users\A-6190\.m2\repository\com\amazonaws\aws-java-sdk-frauddetector\1.12.46\aws-java-sdk-frauddetector-1.12.46.jar;C:\Users\A-6190\.m2\repository\com\amazonaws\aws-java-sdk-kendra\1.12.46\aws-java-sdk-kendra-1.12.46.jar;C:\Users\A-6190\.m2\repository\com\amazonaws\aws-java-sdk-networkmanager\1.12.46\aws-java-sdk-networkmanager-1.12.46.jar;C:\Users\A-6190\.m2\repository\com\amazonaws\aws-java-sdk-computeoptimizer\1.12.46\aws-java-sdk-computeoptimizer-1.12.46.jar;C:\Users\A-6190\.m2\repository\com\amazonaws\aws-java-sdk-accessanalyzer\1.12.46\aws-java-sdk-accessanalyzer-1.12.46.jar;C:\Users\A-6190\.m2\repository\com\amazonaws\aws-java-sdk-schemas\1.12.46\aws-java-sdk-schemas-1.12.46.jar;C:\Users\A-6190\.m2\repository\com\amazonaws\aws-java-sdk-imagebuilder\1.12.46\aws-java-sdk-imagebuilder-1.12.46.jar;C:\Users\A-6190\.m2\repository\com\amazonaws\aws-java-sdk-elasticinference\1.12.46\aws-java-sdk-elasticinference-1.12.46.jar;C:\Users\A-6190\.m2\repository\com\amazonaws\aws-java-sdk-iotsecuretunneling\1.12.46\aws-java-sdk-iotsecuretunneling-1.12.46.jar;C:\Users\A-6190\.m2\repository\com\amazonaws\aws-java-sdk-appconfig\1.12.46\aws-java-sdk-appconfig-1.12.46.jar;C:\Users\A-6190\.m2\repository\com\amazonaws\aws-java-sdk-wafv2\1.12.46\aws-java-sdk-wafv2-1.12.46.jar;C:\Users\A-6190\.m2\repository\com\amazonaws\aws-java-sdk-connectparticipant\1.12.46\aws-java-sdk-connectparticipant-1.12.46.jar;C:\Users\A-6190\.m2\repository\com\amazonaws\aws-java-sdk-migrationhubconfig\1.12.46\aws-java-sdk-migrationhubconfig-1.12.46.jar;C:\Users\A-6190\.m2\repository\com\amazonaws\aws-java-sdk-dataexchange\1.12.46\aws-java-sdk-dataexchange-1.12.46.jar;C:\Users\A-6190\.m2\repository\com\amazonaws\aws-java-sdk-sesv2\1.12.46\aws-java-sdk-sesv2-1.12.46.jar;C:\Users\A-6190\.m2\repository\com\amazonaws\aws-java-sdk-marketplacecatalog\1.12.46\aws-java-sdk-marketplacecatalog-1.12.46.jar;C:\Users\A-6190\.m2\repository\com\amazonaws\aws-java-sdk-ssooidc\1.12.46\aws-java-sdk-ssooidc-1.12.46.jar;C:\Users\A-6190\.m2\repository\com\amazonaws\aws-java-sdk-sso\1.12.46\aws-java-sdk-sso-1.12.46.jar;C:\Users\A-6190\.m2\repository\com\amazonaws\aws-java-sdk-savingsplans\1.12.46\aws-java-sdk-savingsplans-1.12.46.jar;C:\Users\A-6190\.m2\repository\com\amazonaws\aws-java-sdk-codestarnotifications\1.12.46\aws-java-sdk-codestarnotifications-1.12.46.jar;C:\Users\A-6190\.m2\repository\com\amazonaws\aws-java-sdk-workmailmessageflow\1.12.46\aws-java-sdk-workmailmessageflow-1.12.46.jar;C:\Users\A-6190\.m2\repository\com\amazonaws\aws-java-sdk-qldbsession\1.12.46\aws-java-sdk-qldbsession-1.12.46.jar;C:\Users\A-6190\.m2\repository\com\amazonaws\aws-java-sdk-qldb\1.12.46\aws-java-sdk-qldb-1.12.46.jar;C:\Users\A-6190\.m2\repository\com\amazonaws\aws-java-sdk-forecastquery\1.12.46\aws-java-sdk-forecastquery-1.12.46.jar;C:\Users\A-6190\.m2\repository\com\amazonaws\aws-java-sdk-forecast\1.12.46\aws-java-sdk-forecast-1.12.46.jar;C:\Users\A-6190\.m2\repository\com\amazonaws\aws-java-sdk-lakeformation\1.12.46\aws-java-sdk-lakeformation-1.12.46.jar;C:\Users\A-6190\.m2\repository\com\amazonaws\aws-java-sdk-eventbridge\1.12.46\aws-java-sdk-eventbridge-1.12.46.jar;C:\Users\A-6190\.m2\repository\com\amazonaws\aws-java-sdk-ec2instanceconnect\1.12.46\aws-java-sdk-ec2instanceconnect-1.12.46.jar;C:\Users\A-6190\.m2\repository\com\amazonaws\aws-java-sdk-applicationinsights\1.12.46\aws-java-sdk-applicationinsights-1.12.46.jar;C:\Users\A-6190\.m2\repository\com\amazonaws\aws-java-sdk-servicequotas\1.12.46\aws-java-sdk-servicequotas-1.12.46.jar;C:\Users\A-6190\.m2\repository\com\amazonaws\aws-java-sdk-personalizeevents\1.12.46\aws-java-sdk-personalizeevents-1.12.46.jar;C:\Users\A-6190\.m2\repository\com\amazonaws\aws-java-sdk-personalize\1.12.46\aws-java-sdk-personalize-1.12.46.jar;C:\Users\A-6190\.m2\repository\com\amazonaws\aws-java-sdk-personalizeruntime\1.12.46\aws-java-sdk-personalizeruntime-1.12.46.jar;C:\Users\A-6190\.m2\repository\com\amazonaws\aws-java-sdk-ioteventsdata\1.12.46\aws-java-sdk-ioteventsdata-1.12.46.jar;C:\Users\A-6190\.m2\repository\com\amazonaws\aws-java-sdk-iotevents\1.12.46\aws-java-sdk-iotevents-1.12.46.jar;C:\Users\A-6190\.m2\repository\com\amazonaws\aws-java-sdk-iotthingsgraph\1.12.46\aws-java-sdk-iotthingsgraph-1.12.46.jar;C:\Users\A-6190\.m2\repository\com\amazonaws\aws-java-sdk-groundstation\1.12.46\aws-java-sdk-groundstation-1.12.46.jar;C:\Users\A-6190\.m2\repository\com\amazonaws\aws-java-sdk-mediapackagevod\1.12.46\aws-java-sdk-mediapackagevod-1.12.46.jar;C:\Users\A-6190\.m2\repository\com\amazonaws\aws-java-sdk-managedblockchain\1.12.46\aws-java-sdk-managedblockchain-1.12.46.jar;C:\Users\A-6190\.m2\repository\com\amazonaws\aws-java-sdk-textract\1.12.46\aws-java-sdk-textract-1.12.46.jar;C:\Users\A-6190\.m2\repository\com\amazonaws\aws-java-sdk-worklink\1.12.46\aws-java-sdk-worklink-1.12.46.jar;C:\Users\A-6190\.m2\repository\com\amazonaws\aws-java-sdk-backup\1.12.46\aws-java-sdk-backup-1.12.46.jar;C:\Users\A-6190\.m2\repository\com\amazonaws\aws-java-sdk-docdb\1.12.46\aws-java-sdk-docdb-1.12.46.jar;C:\Users\A-6190\.m2\repository\com\amazonaws\aws-java-sdk-apigatewayv2\1.12.46\aws-java-sdk-apigatewayv2-1.12.46.jar;C:\Users\A-6190\.m2\repository\com\amazonaws\aws-java-sdk-apigatewaymanagementapi\1.12.46\aws-java-sdk-apigatewaymanagementapi-1.12.46.jar;C:\Users\A-6190\.m2\repository\com\amazonaws\aws-java-sdk-kafka\1.12.46\aws-java-sdk-kafka-1.12.46.jar;C:\Users\A-6190\.m2\repository\com\amazonaws\aws-java-sdk-appmesh\1.12.46\aws-java-sdk-appmesh-1.12.46.jar;C:\Users\A-6190\.m2\repository\com\amazonaws\aws-java-sdk-licensemanager\1.12.46\aws-java-sdk-licensemanager-1.12.46.jar;C:\Users\A-6190\.m2\repository\com\amazonaws\aws-java-sdk-securityhub\1.12.46\aws-java-sdk-securityhub-1.12.46.jar;C:\Users\A-6190\.m2\repository\com\amazonaws\aws-java-sdk-fsx\1.12.46\aws-java-sdk-fsx-1.12.46.jar;C:\Users\A-6190\.m2\repository\com\amazonaws\aws-java-sdk-mediaconnect\1.12.46\aws-java-sdk-mediaconnect-1.12.46.jar;C:\Users\A-6190\.m2\repository\com\amazonaws\aws-java-sdk-kinesisanalyticsv2\1.12.46\aws-java-sdk-kinesisanalyticsv2-1.12.46.jar;C:\Users\A-6190\.m2\repository\com\amazonaws\aws-java-sdk-comprehendmedical\1.12.46\aws-java-sdk-comprehendmedical-1.12.46.jar;C:\Users\A-6190\.m2\repository\com\amazonaws\aws-java-sdk-globalaccelerator\1.12.46\aws-java-sdk-globalaccelerator-1.12.46.jar;C:\Users\A-6190\.m2\repository\com\amazonaws\aws-java-sdk-transfer\1.12.46\aws-java-sdk-transfer-1.12.46.jar;C:\Users\A-6190\.m2\repository\com\amazonaws\aws-java-sdk-datasync\1.12.46\aws-java-sdk-datasync-1.12.46.jar;C:\Users\A-6190\.m2\repository\com\amazonaws\aws-java-sdk-robomaker\1.12.46\aws-java-sdk-robomaker-1.12.46.jar;C:\Users\A-6190\.m2\repository\com\amazonaws\aws-java-sdk-amplify\1.12.46\aws-java-sdk-amplify-1.12.46.jar;C:\Users\A-6190\.m2\repository\com\amazonaws\aws-java-sdk-quicksight\1.12.46\aws-java-sdk-quicksight-1.12.46.jar;C:\Users\A-6190\.m2\repository\com\amazonaws\aws-java-sdk-rdsdata\1.12.46\aws-java-sdk-rdsdata-1.12.46.jar;C:\Users\A-6190\.m2\repository\com\amazonaws\aws-java-sdk-route53resolver\1.12.46\aws-java-sdk-route53resolver-1.12.46.jar;C:\Users\A-6190\.m2\repository\com\amazonaws\aws-java-sdk-ram\1.12.46\aws-java-sdk-ram-1.12.46.jar;C:\Users\A-6190\.m2\repository\com\amazonaws\aws-java-sdk-s3control\1.12.46\aws-java-sdk-s3control-1.12.46.jar;C:\Users\A-6190\.m2\repository\com\amazonaws\aws-java-sdk-pinpointsmsvoice\1.12.46\aws-java-sdk-pinpointsmsvoice-1.12.46.jar;C:\Users\A-6190\.m2\repository\com\amazonaws\aws-java-sdk-pinpointemail\1.12.46\aws-java-sdk-pinpointemail-1.12.46.jar;C:\Users\A-6190\.m2\repository\com\amazonaws\aws-java-sdk-chime\1.12.46\aws-java-sdk-chime-1.12.46.jar;C:\Users\A-6190\.m2\repository\com\amazonaws\aws-java-sdk-signer\1.12.46\aws-java-sdk-signer-1.12.46.jar;C:\Users\A-6190\.m2\repository\com\amazonaws\aws-java-sdk-dlm\1.12.46\aws-java-sdk-dlm-1.12.46.jar;C:\Users\A-6190\.m2\repository\com\amazonaws\aws-java-sdk-macie\1.12.46\aws-java-sdk-macie-1.12.46.jar;C:\Users\A-6190\.m2\repository\com\amazonaws\aws-java-sdk-eks\1.12.46\aws-java-sdk-eks-1.12.46.jar;C:\Users\A-6190\.m2\repository\com\amazonaws\aws-java-sdk-mediatailor\1.12.46\aws-java-sdk-mediatailor-1.12.46.jar;C:\Users\A-6190\.m2\repository\com\amazonaws\aws-java-sdk-neptune\1.12.46\aws-java-sdk-neptune-1.12.46.jar;C:\Users\A-6190\.m2\repository\com\amazonaws\aws-java-sdk-pi\1.12.46\aws-java-sdk-pi-1.12.46.jar;C:\Users\A-6190\.m2\repository\com\amazonaws\aws-java-sdk-iot1clickprojects\1.12.46\aws-java-sdk-iot1clickprojects-1.12.46.jar;C:\Users\A-6190\.m2\repository\com\amazonaws\aws-java-sdk-iot1clickdevices\1.12.46\aws-java-sdk-iot1clickdevices-1.12.46.jar;C:\Users\A-6190\.m2\repository\com\amazonaws\aws-java-sdk-iotanalytics\1.12.46\aws-java-sdk-iotanalytics-1.12.46.jar;C:\Users\A-6190\.m2\repository\com\amazonaws\aws-java-sdk-acmpca\1.12.46\aws-java-sdk-acmpca-1.12.46.jar;C:\Users\A-6190\.m2\repository\com\amazonaws\aws-java-sdk-secretsmanager\1.12.46\aws-java-sdk-secretsmanager-1.12.46.jar;C:\Users\A-6190\.m2\repository\com\amazonaws\aws-java-sdk-fms\1.12.46\aws-java-sdk-fms-1.12.46.jar;C:\Users\A-6190\.m2\repository\com\amazonaws\aws-java-sdk-connect\1.12.46\aws-java-sdk-connect-1.12.46.jar;C:\Users\A-6190\.m2\repository\com\amazonaws\aws-java-sdk-transcribe\1.12.46\aws-java-sdk-transcribe-1.12.46.jar;C:\Users\A-6190\.m2\repository\com\amazonaws\aws-java-sdk-autoscalingplans\1.12.46\aws-java-sdk-autoscalingplans-1.12.46.jar;C:\Users\A-6190\.m2\repository\com\amazonaws\aws-java-sdk-workmail\1.12.46\aws-java-sdk-workmail-1.12.46.jar;C:\Users\A-6190\.m2\repository\com\amazonaws\aws-java-sdk-servicediscovery\1.12.46\aws-java-sdk-servicediscovery-1.12.46.jar;C:\Users\A-6190\.m2\repository\com\amazonaws\aws-java-sdk-cloud9\1.12.46\aws-java-sdk-cloud9-1.12.46.jar;C:\Users\A-6190\.m2\repository\com\amazonaws\aws-java-sdk-serverlessapplicationrepository\1.12.46\aws-java-sdk-serverlessapplicationrepository-1.12.46.jar;C:\Users\A-6190\.m2\repository\com\amazonaws\aws-java-sdk-alexaforbusiness\1.12.46\aws-java-sdk-alexaforbusiness-1.12.46.jar;C:\Users\A-6190\.m2\repository\com\amazonaws\aws-java-sdk-resourcegroups\1.12.46\aws-java-sdk-resourcegroups-1.12.46.jar;C:\Users\A-6190\.m2\repository\com\amazonaws\aws-java-sdk-comprehend\1.12.46\aws-java-sdk-comprehend-1.12.46.jar;C:\Users\A-6190\.m2\repository\com\amazonaws\aws-java-sdk-translate\1.12.46\aws-java-sdk-translate-1.12.46.jar;C:\Users\A-6190\.m2\repository\com\amazonaws\aws-java-sdk-sagemaker\1.12.46\aws-java-sdk-sagemaker-1.12.46.jar;C:\Users\A-6190\.m2\repository\com\amazonaws\aws-java-sdk-iotjobsdataplane\1.12.46\aws-java-sdk-iotjobsdataplane-1.12.46.jar;C:\Users\A-6190\.m2\repository\com\amazonaws\aws-java-sdk-sagemakerruntime\1.12.46\aws-java-sdk-sagemakerruntime-1.12.46.jar;C:\Users\A-6190\.m2\repository\com\amazonaws\aws-java-sdk-kinesisvideo\1.12.46\aws-java-sdk-kinesisvideo-1.12.46.jar;C:\Users\A-6190\.m2\repository\io\netty\netty-handler\4.1.61.Final\netty-handler-4.1.61.Final.jar;C:\Users\A-6190\.m2\repository\com\amazonaws\aws-java-sdk-appsync\1.12.46\aws-java-sdk-appsync-1.12.46.jar;C:\Users\A-6190\.m2\repository\com\amazonaws\aws-java-sdk-guardduty\1.12.46\aws-java-sdk-guardduty-1.12.46.jar;C:\Users\A-6190\.m2\repository\com\amazonaws\aws-java-sdk-mq\1.12.46\aws-java-sdk-mq-1.12.46.jar;C:\Users\A-6190\.m2\repository\com\amazonaws\aws-java-sdk-mediaconvert\1.12.46\aws-java-sdk-mediaconvert-1.12.46.jar;C:\Users\A-6190\.m2\repository\com\amazonaws\aws-java-sdk-mediastore\1.12.46\aws-java-sdk-mediastore-1.12.46.jar;C:\Users\A-6190\.m2\repository\com\amazonaws\aws-java-sdk-mediastoredata\1.12.46\aws-java-sdk-mediastoredata-1.12.46.jar;C:\Users\A-6190\.m2\repository\com\amazonaws\aws-java-sdk-medialive\1.12.46\aws-java-sdk-medialive-1.12.46.jar;C:\Users\A-6190\.m2\repository\com\amazonaws\aws-java-sdk-mediapackage\1.12.46\aws-java-sdk-mediapackage-1.12.46.jar;C:\Users\A-6190\.m2\repository\com\amazonaws\aws-java-sdk-costexplorer\1.12.46\aws-java-sdk-costexplorer-1.12.46.jar;C:\Users\A-6190\.m2\repository\com\amazonaws\aws-java-sdk-pricing\1.12.46\aws-java-sdk-pricing-1.12.46.jar;C:\Users\A-6190\.m2\repository\com\amazonaws\aws-java-sdk-mobile\1.12.46\aws-java-sdk-mobile-1.12.46.jar;C:\Users\A-6190\.m2\repository\com\amazonaws\aws-java-sdk-cloudhsmv2\1.12.46\aws-java-sdk-cloudhsmv2-1.12.46.jar;C:\Users\A-6190\.m2\repository\com\amazonaws\aws-java-sdk-glue\1.12.46\aws-java-sdk-glue-1.12.46.jar;C:\Users\A-6190\.m2\repository\com\amazonaws\aws-java-sdk-migrationhub\1.12.46\aws-java-sdk-migrationhub-1.12.46.jar;C:\Users\A-6190\.m2\repository\com\amazonaws\aws-java-sdk-dax\1.12.46\aws-java-sdk-dax-1.12.46.jar;C:\Users\A-6190\.m2\repository\com\amazonaws\aws-java-sdk-greengrass\1.12.46\aws-java-sdk-greengrass-1.12.46.jar;C:\Users\A-6190\.m2\repository\com\amazonaws\aws-java-sdk-athena\1.12.46\aws-java-sdk-athena-1.12.46.jar;C:\Users\A-6190\.m2\repository\com\amazonaws\aws-java-sdk-marketplaceentitlement\1.12.46\aws-java-sdk-marketplaceentitlement-1.12.46.jar;C:\Users\A-6190\.m2\repository\com\amazonaws\aws-java-sdk-codestar\1.12.46\aws-java-sdk-codestar-1.12.46.jar;C:\Users\A-6190\.m2\repository\com\amazonaws\aws-java-sdk-lexmodelbuilding\1.12.46\aws-java-sdk-lexmodelbuilding-1.12.46.jar;C:\Users\A-6190\.m2\repository\com\amazonaws\aws-java-sdk-resourcegroupstaggingapi\1.12.46\aws-java-sdk-resourcegroupstaggingapi-1.12.46.jar;C:\Users\A-6190\.m2\repository\com\amazonaws\aws-java-sdk-pinpoint\1.12.46\aws-java-sdk-pinpoint-1.12.46.jar;C:\Users\A-6190\.m2\repository\com\amazonaws\aws-java-sdk-xray\1.12.46\aws-java-sdk-xray-1.12.46.jar;C:\Users\A-6190\.m2\repository\com\amazonaws\aws-java-sdk-opsworkscm\1.12.46\aws-java-sdk-opsworkscm-1.12.46.jar;C:\Users\A-6190\.m2\repository\com\amazonaws\aws-java-sdk-support\1.12.46\aws-java-sdk-support-1.12.46.jar;C:\Users\A-6190\.m2\repository\com\amazonaws\aws-java-sdk-simpledb\1.12.46\aws-java-sdk-simpledb-1.12.46.jar;C:\Users\A-6190\.m2\repository\com\amazonaws\aws-java-sdk-servicecatalog\1.12.46\aws-java-sdk-servicecatalog-1.12.46.jar;C:\Users\A-6190\.m2\repository\com\amazonaws\aws-java-sdk-servermigration\1.12.46\aws-java-sdk-servermigration-1.12.46.jar;C:\Users\A-6190\.m2\repository\com\amazonaws\aws-java-sdk-simpleworkflow\1.12.46\aws-java-sdk-simpleworkflow-1.12.46.jar;C:\Users\A-6190\.m2\repository\com\amazonaws\aws-java-sdk-storagegateway\1.12.46\aws-java-sdk-storagegateway-1.12.46.jar;C:\Users\A-6190\.m2\repository\com\amazonaws\aws-java-sdk-route53\1.12.46\aws-java-sdk-route53-1.12.46.jar;C:\Users\A-6190\.m2\repository\com\amazonaws\aws-java-sdk-importexport\1.12.46\aws-java-sdk-importexport-1.12.46.jar;C:\Users\A-6190\.m2\repository\com\amazonaws\aws-java-sdk-sts\1.12.46\aws-java-sdk-sts-1.12.46.jar;C:\Users\A-6190\.m2\repository\com\amazonaws\aws-java-sdk-sqs\1.12.46\aws-java-sdk-sqs-1.12.46.jar;C:\Users\A-6190\.m2\repository\com\amazonaws\aws-java-sdk-rds\1.12.46\aws-java-sdk-rds-1.12.46.jar;C:\Users\A-6190\.m2\repository\com\amazonaws\aws-java-sdk-redshift\1.12.46\aws-java-sdk-redshift-1.12.46.jar;C:\Users\A-6190\.m2\repository\com\amazonaws\aws-java-sdk-elasticbeanstalk\1.12.46\aws-java-sdk-elasticbeanstalk-1.12.46.jar;C:\Users\A-6190\.m2\repository\com\amazonaws\aws-java-sdk-glacier\1.12.46\aws-java-sdk-glacier-1.12.46.jar;C:\Users\A-6190\.m2\repository\com\amazonaws\aws-java-sdk-iam\1.12.46\aws-java-sdk-iam-1.12.46.jar;C:\Users\A-6190\.m2\repository\com\amazonaws\aws-java-sdk-datapipeline\1.12.46\aws-java-sdk-datapipeline-1.12.46.jar;C:\Users\A-6190\.m2\repository\com\amazonaws\aws-java-sdk-elasticloadbalancing\1.12.46\aws-java-sdk-elasticloadbalancing-1.12.46.jar;C:\Users\A-6190\.m2\repository\com\amazonaws\aws-java-sdk-elasticloadbalancingv2\1.12.46\aws-java-sdk-elasticloadbalancingv2-1.12.46.jar;C:\Users\A-6190\.m2\repository\com\amazonaws\aws-java-sdk-emr\1.12.46\aws-java-sdk-emr-1.12.46.jar;C:\Users\A-6190\.m2\repository\com\amazonaws\aws-java-sdk-elasticache\1.12.46\aws-java-sdk-elasticache-1.12.46.jar;C:\Users\A-6190\.m2\repository\com\amazonaws\aws-java-sdk-elastictranscoder\1.12.46\aws-java-sdk-elastictranscoder-1.12.46.jar;C:\Users\A-6190\.m2\repository\com\amazonaws\aws-java-sdk-ec2\1.12.46\aws-java-sdk-ec2-1.12.46.jar;C:\Users\A-6190\.m2\repository\com\amazonaws\aws-java-sdk-dynamodb\1.12.46\aws-java-sdk-dynamodb-1.12.46.jar;C:\Users\A-6190\.m2\repository\com\amazonaws\aws-java-sdk-sns\1.12.46\aws-java-sdk-sns-1.12.46.jar;C:\Users\A-6190\.m2\repository\com\amazonaws\aws-java-sdk-budgets\1.12.46\aws-java-sdk-budgets-1.12.46.jar;C:\Users\A-6190\.m2\repository\com\amazonaws\aws-java-sdk-cloudtrail\1.12.46\aws-java-sdk-cloudtrail-1.12.46.jar;C:\Users\A-6190\.m2\repository\com\amazonaws\aws-java-sdk-cloudwatch\1.12.46\aws-java-sdk-cloudwatch-1.12.46.jar;C:\Users\A-6190\.m2\repository\com\amazonaws\aws-java-sdk-logs\1.12.46\aws-java-sdk-logs-1.12.46.jar;C:\Users\A-6190\.m2\repository\com\amazonaws\aws-java-sdk-events\1.12.46\aws-java-sdk-events-1.12.46.jar;C:\Users\A-6190\.m2\repository\com\amazonaws\aws-java-sdk-cognitoidentity\1.12.46\aws-java-sdk-cognitoidentity-1.12.46.jar;C:\Users\A-6190\.m2\repository\com\amazonaws\aws-java-sdk-cognitosync\1.12.46\aws-java-sdk-cognitosync-1.12.46.jar;C:\Users\A-6190\.m2\repository\com\amazonaws\aws-java-sdk-directconnect\1.12.46\aws-java-sdk-directconnect-1.12.46.jar;C:\Users\A-6190\.m2\repository\com\amazonaws\aws-java-sdk-cloudformation\1.12.46\aws-java-sdk-cloudformation-1.12.46.jar;C:\Users\A-6190\.m2\repository\com\amazonaws\aws-java-sdk-cloudfront\1.12.46\aws-java-sdk-cloudfront-1.12.46.jar;C:\Users\A-6190\.m2\repository\com\amazonaws\aws-java-sdk-clouddirectory\1.12.46\aws-java-sdk-clouddirectory-1.12.46.jar;C:\Users\A-6190\.m2\repository\com\amazonaws\aws-java-sdk-kinesis\1.12.46\aws-java-sdk-kinesis-1.12.46.jar;C:\Users\A-6190\.m2\repository\com\amazonaws\aws-java-sdk-opsworks\1.12.46\aws-java-sdk-opsworks-1.12.46.jar;C:\Users\A-6190\.m2\repository\com\amazonaws\aws-java-sdk-ses\1.12.46\aws-java-sdk-ses-1.12.46.jar;C:\Users\A-6190\.m2\repository\com\amazonaws\aws-java-sdk-autoscaling\1.12.46\aws-java-sdk-autoscaling-1.12.46.jar;C:\Users\A-6190\.m2\repository\com\amazonaws\aws-java-sdk-cloudsearch\1.12.46\aws-java-sdk-cloudsearch-1.12.46.jar;C:\Users\A-6190\.m2\repository\com\amazonaws\aws-java-sdk-cloudwatchmetrics\1.12.46\aws-java-sdk-cloudwatchmetrics-1.12.46.jar;C:\Users\A-6190\.m2\repository\com\amazonaws\aws-java-sdk-codedeploy\1.12.46\aws-java-sdk-codedeploy-1.12.46.jar;C:\Users\A-6190\.m2\repository\com\amazonaws\aws-java-sdk-codepipeline\1.12.46\aws-java-sdk-codepipeline-1.12.46.jar;C:\Users\A-6190\.m2\repository\com\amazonaws\aws-java-sdk-config\1.12.46\aws-java-sdk-config-1.12.46.jar;C:\Users\A-6190\.m2\repository\com\amazonaws\aws-java-sdk-lambda\1.12.46\aws-java-sdk-lambda-1.12.46.jar;C:\Users\A-6190\.m2\repository\com\amazonaws\aws-java-sdk-ecs\1.12.46\aws-java-sdk-ecs-1.12.46.jar;C:\Users\A-6190\.m2\repository\com\amazonaws\aws-java-sdk-ecr\1.12.46\aws-java-sdk-ecr-1.12.46.jar;C:\Users\A-6190\.m2\repository\com\amazonaws\aws-java-sdk-cloudhsm\1.12.46\aws-java-sdk-cloudhsm-1.12.46.jar;C:\Users\A-6190\.m2\repository\com\amazonaws\aws-java-sdk-ssm\1.12.46\aws-java-sdk-ssm-1.12.46.jar;C:\Users\A-6190\.m2\repository\com\amazonaws\aws-java-sdk-workspaces\1.12.46\aws-java-sdk-workspaces-1.12.46.jar;C:\Users\A-6190\.m2\repository\com\amazonaws\aws-java-sdk-machinelearning\1.12.46\aws-java-sdk-machinelearning-1.12.46.jar;C:\Users\A-6190\.m2\repository\com\amazonaws\aws-java-sdk-directory\1.12.46\aws-java-sdk-directory-1.12.46.jar;C:\Users\A-6190\.m2\repository\com\amazonaws\aws-java-sdk-efs\1.12.46\aws-java-sdk-efs-1.12.46.jar;C:\Users\A-6190\.m2\repository\com\amazonaws\aws-java-sdk-codecommit\1.12.46\aws-java-sdk-codecommit-1.12.46.jar;C:\Users\A-6190\.m2\repository\com\amazonaws\aws-java-sdk-devicefarm\1.12.46\aws-java-sdk-devicefarm-1.12.46.jar;C:\Users\A-6190\.m2\repository\com\amazonaws\aws-java-sdk-elasticsearch\1.12.46\aws-java-sdk-elasticsearch-1.12.46.jar;C:\Users\A-6190\.m2\repository\com\amazonaws\aws-java-sdk-waf\1.12.46\aws-java-sdk-waf-1.12.46.jar;C:\Users\A-6190\.m2\repository\com\amazonaws\aws-java-sdk-marketplacecommerceanalytics\1.12.46\aws-java-sdk-marketplacecommerceanalytics-1.12.46.jar;C:\Users\A-6190\.m2\repository\com\amazonaws\aws-java-sdk-inspector\1.12.46\aws-java-sdk-inspector-1.12.46.jar;C:\Users\A-6190\.m2\repository\com\amazonaws\aws-java-sdk-iot\1.12.46\aws-java-sdk-iot-1.12.46.jar;C:\Users\A-6190\.m2\repository\com\amazonaws\aws-java-sdk-api-gateway\1.12.46\aws-java-sdk-api-gateway-1.12.46.jar;C:\Users\A-6190\.m2\repository\com\amazonaws\aws-java-sdk-acm\1.12.46\aws-java-sdk-acm-1.12.46.jar;C:\Users\A-6190\.m2\repository\com\amazonaws\aws-java-sdk-gamelift\1.12.46\aws-java-sdk-gamelift-1.12.46.jar;C:\Users\A-6190\.m2\repository\com\amazonaws\aws-java-sdk-dms\1.12.46\aws-java-sdk-dms-1.12.46.jar;C:\Users\A-6190\.m2\repository\com\amazonaws\aws-java-sdk-marketplacemeteringservice\1.12.46\aws-java-sdk-marketplacemeteringservice-1.12.46.jar;C:\Users\A-6190\.m2\repository\com\amazonaws\aws-java-sdk-cognitoidp\1.12.46\aws-java-sdk-cognitoidp-1.12.46.jar;C:\Users\A-6190\.m2\repository\com\amazonaws\aws-java-sdk-discovery\1.12.46\aws-java-sdk-discovery-1.12.46.jar;C:\Users\A-6190\.m2\repository\com\amazonaws\aws-java-sdk-applicationautoscaling\1.12.46\aws-java-sdk-applicationautoscaling-1.12.46.jar;C:\Users\A-6190\.m2\repository\com\amazonaws\aws-java-sdk-snowball\1.12.46\aws-java-sdk-snowball-1.12.46.jar;C:\Users\A-6190\.m2\repository\com\amazonaws\aws-java-sdk-rekognition\1.12.46\aws-java-sdk-rekognition-1.12.46.jar;C:\Users\A-6190\.m2\repository\com\amazonaws\aws-java-sdk-polly\1.12.46\aws-java-sdk-polly-1.12.46.jar;C:\Users\A-6190\.m2\repository\com\amazonaws\aws-java-sdk-lightsail\1.12.46\aws-java-sdk-lightsail-1.12.46.jar;C:\Users\A-6190\.m2\repository\com\amazonaws\aws-java-sdk-stepfunctions\1.12.46\aws-java-sdk-stepfunctions-1.12.46.jar;C:\Users\A-6190\.m2\repository\com\amazonaws\aws-java-sdk-health\1.12.46\aws-java-sdk-health-1.12.46.jar;C:\Users\A-6190\.m2\repository\com\amazonaws\aws-java-sdk-costandusagereport\1.12.46\aws-java-sdk-costandusagereport-1.12.46.jar;C:\Users\A-6190\.m2\repository\com\amazonaws\aws-java-sdk-codebuild\1.12.46\aws-java-sdk-codebuild-1.12.46.jar;C:\Users\A-6190\.m2\repository\com\amazonaws\aws-java-sdk-appstream\1.12.46\aws-java-sdk-appstream-1.12.46.jar;C:\Users\A-6190\.m2\repository\com\amazonaws\aws-java-sdk-shield\1.12.46\aws-java-sdk-shield-1.12.46.jar;C:\Users\A-6190\.m2\repository\com\amazonaws\aws-java-sdk-batch\1.12.46\aws-java-sdk-batch-1.12.46.jar;C:\Users\A-6190\.m2\repository\com\amazonaws\aws-java-sdk-lex\1.12.46\aws-java-sdk-lex-1.12.46.jar;C:\Users\A-6190\.m2\repository\com\amazonaws\aws-java-sdk-mechanicalturkrequester\1.12.46\aws-java-sdk-mechanicalturkrequester-1.12.46.jar;C:\Users\A-6190\.m2\repository\com\amazonaws\aws-java-sdk-organizations\1.12.46\aws-java-sdk-organizations-1.12.46.jar;C:\Users\A-6190\.m2\repository\com\amazonaws\aws-java-sdk-workdocs\1.12.46\aws-java-sdk-workdocs-1.12.46.jar;C:\Users\A-6190\.m2\repository\com\amazonaws\aws-java-sdk-models\1.12.46\aws-java-sdk-models-1.12.46.jar;C:\Users\A-6190\.m2\repository\com\amazonaws\aws-java-sdk-swf-libraries\1.11.22\aws-java-sdk-swf-libraries-1.11.22.jar;C:\Users\A-6190\.m2\repository\com\sun\mail\javax.mail\1.6.2\javax.mail-1.6.2.jar;C:\Users\A-6190\.m2\repository\javax\activation\activation\1.1\activation-1.1.jar;"/>
    <property name="sun.cpu.endian" value="little"/>
    <property name="user.home" value="C:\Users\A-6190"/>
    <property name="user.language" value="en"/>
    <property name="java.specification.vendor" value="Oracle Corporation"/>
    <property name="java.version.date" value="2018-09-25"/>
    <property name="java.home" value="D:\Applns\openjdk-11_windows-x64_bin\jdk-11"/>
    <property name="file.separator" value="\"/>
    <property name="basedir" value="D:\D Drive Data_Backup\awsexplore"/>
    <property name="java.vm.compressedOopsMode" value="Zero based"/>
    <property name="line.separator" value="&#10;"/>
    <property name="java.specification.name" value="Java Platform API Specification"/>
    <property name="java.vm.specification.vendor" value="Oracle Corporation"/>
    <property name="java.awt.graphicsenv" value="sun.awt.Win32GraphicsEnvironment"/>
    <property name="surefire.real.class.path" value="C:\Users\A-6190\AppData\Local\Temp\surefire13128585032059341188\surefirebooter15083558925044389297.jar"/>
    <property name="user.script" value=""/>
    <property name="sun.management.compiler" value="HotSpot 64-Bit Tiered Compilers"/>
    <property name="java.runtime.version" value="11+28"/>
    <property name="user.name" value="A-6190"/>
    <property name="path.separator" value=";"/>
    <property name="os.version" value="10.0"/>
    <property name="java.runtime.name" value="OpenJDK Runtime Environment"/>
    <property name="file.encoding" value="Cp1252"/>
    <property name="sun.nio.ch.bugLevel" value=""/>
    <property name="java.vm.name" value="OpenJDK 64-Bit Server VM"/>
    <property name="java.vendor.version" value="18.9"/>
    <property name="localRepository" value="C:\Users\A-6190\.m2\repository"/>
    <property name="java.vendor.url.bug" value="http://bugreport.java.com/bugreport/"/>
    <property name="java.io.tmpdir" value="C:\Users\A-6190\AppData\Local\Temp\"/>
    <property name="java.version" value="11"/>
    <property name="user.dir" value="D:\D Drive Data_Backup\awsexplore"/>
    <property name="os.arch" value="amd64"/>
    <property name="java.vm.specification.name" value="Java Virtual Machine Specification"/>
    <property name="java.awt.printerjob" value="sun.awt.windows.WPrinterJob"/>
    <property name="sun.os.patch.level" value=""/>
    <property name="java.library.path" value="D:\Applns\openjdk-11_windows-x64_bin\jdk-11\bin;C:\WINDOWS\Sun\Java\bin;C:\WINDOWS\system32;C:\WINDOWS;C:\WINDOWS\system32;C:\WINDOWS;C:\WINDOWS\System32\Wbem;C:\WINDOWS\System32\WindowsPowerShell\v1.0\;C:\Program Files\TortoiseSVN\bin;C:\WINDOWS\System32\OpenSSH\;D:\Applns\Git\cmd;D:\Applns\Perforce\;D:\Applns\nodejs\;C:\Program Files\Amazon\AWSCLI\bin\;D:\Applns\apache-maven-3.3.9-bin\apache-maven-3.3.9\bin;D:\Applns\openjdk-11_windows-x64_bin\jdk-11\bin;C:\Program Files\Docker\Docker\resources\bin;C:\ProgramData\DockerDesktop\version-bin;D:\Applns\evans-master;C:\Users\A-6190\AppData\Local\Microsoft\WindowsApps;C:\Users\A-6190\AppData\Roaming\npm;."/>
    <property name="java.vendor" value="Oracle Corporation"/>
    <property name="java.vm.info" value="mixed mode"/>
    <property name="java.vm.version" value="11+28"/>
    <property name="sun.io.unicode.encoding" value="UnicodeLittle"/>
    <property name="java.class.version" value="55.0"/>
  </properties>
  <testcase name="EC2LaunchTest" classname="awstests.EC2Test" time="1.476">
    <system-err><![CDATA[SLF4J: Failed to load class "org.slf4j.impl.StaticLoggerBinder".
SLF4J: Defaulting to no-operation (NOP) logger implementation
SLF4J: See http://www.slf4j.org/codes.html#StaticLoggerBinder for further details.
Starting ChromeDriver 92.0.4515.43 (8c61b7e2989f2990d42f859cac71319137787cce-refs/branch-heads/4515@{#306}) on port 10678
Only local connections are allowed.
Please see https://chromedriver.chromium.org/security-considerations for suggestions on keeping ChromeDriver safe.
ChromeDriver was started successfully.
Aug 24, 2021 11:37:57 PM org.openqa.selenium.remote.ProtocolHandshake createSession
INFO: Detected dialect: W3C
Aug 24, 2021 11:37:57 PM org.openqa.selenium.devtools.CdpVersionFinder findNearestMatch
WARNING: Unable to find an exact match for CDP version 92, so returning the closest version found: 91
Aug 24, 2021 11:37:57 PM org.openqa.selenium.devtools.CdpVersionFinder findNearestMatch
INFO: Found CDP implementation for version 92 of 91
]]></system-err>
  </testcase>
</testsuite>