<?xml version="1.0" encoding="UTF-8"?>
<!-- Generated by org.testng.reporters.JUnitReportReporter -->
<testsuite hostname="LE1339" failures="0" tests="1" name="awstests.EC2Test" time="1.538" errors="0" timestamp="2021-08-24T23:38:08 IST" skipped="0">
  <testcase classname="awstests.EC2Test" name="EC2LaunchTest" time="1.538"/>
  <system-out/>
</testsuite> <!-- awstests.EC2Test -->
